Log file open, 04/03/25 17:06:03
LogWindows: Failed to load 'aqProf.dll' (GetLastError=126)
LogWindows: File 'aqProf.dll' does not exist
LogWindows: Failed to load 'VtuneApi.dll' (GetLastError=126)
LogWindows: File 'VtuneApi.dll' does not exist
LogWindows: Failed to load 'VtuneApi32e.dll' (GetLastError=126)
LogWindows: File 'VtuneApi32e.dll' does not exist
LogConsoleResponse: Display: Failed to find resolution value strings in scalability ini. Falling back to default.
LogConsoleResponse: Display: Failed to find resolution value strings in scalability ini. Falling back to default.
LogInit: Display: Running engine for game: TryApp
LogPlatformFile: Not using cached read wrapper
LogTaskGraph: Started task graph with 5 named threads and 23 total threads with 3 sets of task threads.
LogStats: Stats thread started at 0.689673
LogICUInternationalization: ICU TimeZone Detection - Raw Offset: -3:00, Platform Override: ''
LogInit: Display: Loading text-based GConfig....
LogPluginManager: Mounting plugin MeshPainting
LogPluginManager: Mounting plugin XGEController
LogPluginManager: Mounting plugin LiveLink
LogPluginManager: Mounting plugin Paper2D
LogPluginManager: Mounting plugin AISupport
LogPluginManager: Mounting plugin EnvironmentQueryEditor
LogPluginManager: Mounting plugin LightPropagationVolume
LogPluginManager: Mounting plugin CameraShakePreviewer
LogPluginManager: Mounting plugin GameplayCameras
LogPluginManager: Mounting plugin OodleData
LogPluginManager: Mounting plugin OodleNetwork
LogPluginManager: Mounting plugin AssetManagerEditor
LogPluginManager: Mounting plugin DatasmithContent
LogPluginManager: Mounting plugin VariantManagerContent
LogPluginManager: Mounting plugin Niagara
LogPluginManager: Mounting plugin CryptoKeys
LogPluginManager: Mounting plugin DataValidation
LogPluginManager: Mounting plugin CurveEditorTools
LogPluginManager: Mounting plugin FacialAnimation
LogPluginManager: Mounting plugin GameplayTagsEditor
LogPluginManager: Mounting plugin GeometryMode
LogPluginManager: Mounting plugin MacGraphicsSwitching
LogPluginManager: Mounting plugin AlembicImporter
LogPluginManager: Mounting plugin AutomationUtils
LogPluginManager: Mounting plugin BackChannel
LogPluginManager: Mounting plugin ChaosCloth
LogPluginManager: Mounting plugin ChaosClothEditor
LogPluginManager: Mounting plugin ChaosEditor
LogPluginManager: Mounting plugin MaterialAnalyzer
LogPluginManager: Mounting plugin ChaosNiagara
LogPluginManager: Mounting plugin ChaosSolverPlugin
LogPluginManager: Mounting plugin MobileLauncherProfileWizard
LogPluginManager: Mounting plugin PluginBrowser
LogPluginManager: Mounting plugin CharacterAI
LogPluginManager: Mounting plugin SpeedTreeImporter
LogPluginManager: Mounting plugin GeometryCache
LogPluginManager: Mounting plugin GeometryCollectionPlugin
LogPluginManager: Mounting plugin GeometryProcessing
LogPluginManager: Mounting plugin MotoSynth
LogPluginManager: Mounting plugin OpenImageDenoise
LogPluginManager: Mounting plugin ProxyLODPlugin
LogPluginManager: Mounting plugin PlanarCut
LogPluginManager: Mounting plugin PlatformCrypto
LogPluginManager: Mounting plugin SkeletalReduction
LogPluginManager: Mounting plugin AndroidMedia
LogPluginManager: Mounting plugin AvfMedia
LogPluginManager: Mounting plugin ImgMedia
LogPluginManager: Mounting plugin MediaCompositing
LogPluginManager: Mounting plugin MediaPlayerEditor
LogPluginManager: Mounting plugin PythonScriptPlugin
LogPluginManager: Mounting plugin WebMMedia
LogPluginManager: Mounting plugin WmfMedia
LogPluginManager: Mounting plugin LuminPlatformFeatures
LogPluginManager: Mounting plugin MagicLeap
LogPluginManager: Mounting plugin MagicLeapLightEstimation
LogPluginManager: Mounting plugin MagicLeapMedia
LogPluginManager: Mounting plugin MagicLeapPassableWorld
LogPluginManager: Mounting plugin MLSDK
LogPluginManager: Mounting plugin TcpMessaging
LogPluginManager: Mounting plugin AnimationSharing
LogPluginManager: Mounting plugin UdpMessaging
LogPluginManager: Mounting plugin CodeLiteSourceCodeAccess
LogPluginManager: Mounting plugin GitSourceControl
LogPluginManager: Mounting plugin KDevelopSourceCodeAccess
LogPluginManager: Mounting plugin ActorSequence
LogPluginManager: Mounting plugin NullSourceCodeAccess
LogPluginManager: Mounting plugin LevelSequenceEditor
LogPluginManager: Mounting plugin MatineeToLevelSequence
LogPluginManager: Mounting plugin TemplateSequence
LogPluginManager: Mounting plugin CLionSourceCodeAccess
LogPluginManager: Mounting plugin PerforceSourceControl
LogPluginManager: Mounting plugin PixWinPlugin
LogPluginManager: Mounting plugin PlasticSourceControl
LogPluginManager: Mounting plugin PluginUtils
LogPluginManager: Mounting plugin PropertyAccessNode
LogPluginManager: Mounting plugin RiderSourceCodeAccess
LogPluginManager: Mounting plugin SubversionSourceControl
LogPluginManager: Mounting plugin TextureFormatOodle
LogPluginManager: Mounting plugin UObjectPlugin
LogPluginManager: Mounting plugin VisualStudioCodeSourceCodeAccess
LogPluginManager: Mounting plugin VisualStudioSourceCodeAccess
LogPluginManager: Mounting plugin XCodeSourceCodeAccess
LogPluginManager: Mounting plugin OnlineSubsystem
LogPluginManager: Mounting plugin OnlineSubsystemNull
LogPluginManager: Mounting plugin OnlineSubsystemUtils
LogPluginManager: Mounting plugin LauncherChunkInstaller
LogPluginManager: Mounting plugin ActorLayerUtilities
LogPluginManager: Mounting plugin AndroidDeviceProfileSelector
LogPluginManager: Mounting plugin AndroidPermission
LogPluginManager: Mounting plugin AndroidMoviePlayer
LogPluginManager: Mounting plugin AppleImageUtils
LogPluginManager: Mounting plugin AppleMoviePlayer
LogPluginManager: Mounting plugin ArchVisCharacter
LogPluginManager: Mounting plugin AssetTags
LogPluginManager: Mounting plugin AudioCapture
LogPluginManager: Mounting plugin AudioSynesthesia
LogPluginManager: Mounting plugin CableComponent
LogPluginManager: Mounting plugin ChunkDownloader
LogPluginManager: Mounting plugin CustomMeshComponent
LogPluginManager: Mounting plugin EditableMesh
LogPluginManager: Mounting plugin ExampleDeviceProfileSelector
LogPluginManager: Mounting plugin GoogleCloudMessaging
LogPluginManager: Mounting plugin GooglePAD
LogPluginManager: Mounting plugin ScreenshotTools
LogPluginManager: Mounting plugin IOSDeviceProfileSelector
LogPluginManager: Mounting plugin LinuxDeviceProfileSelector
LogPluginManager: Mounting plugin LocationServicesBPLibrary
LogPluginManager: Mounting plugin MobilePatchingUtils
LogPluginManager: Mounting plugin OpenXREyeTracker
LogPluginManager: Mounting plugin OpenXRHandTracking
LogPluginManager: Mounting plugin OpenXR
LogPluginManager: Mounting plugin PhysXVehicles
LogPluginManager: Mounting plugin PostSplashScreen
LogPluginManager: Mounting plugin PropertyAccessEditor
LogPluginManager: Mounting plugin RuntimePhysXCooking
LogPluginManager: Mounting plugin SignificanceManager
LogPluginManager: Mounting plugin SoundFields
LogPluginManager: Mounting plugin ProceduralMeshComponent
LogPluginManager: Mounting plugin Synthesis
LogPluginManager: Mounting plugin WebMMoviePlayer
LogPluginManager: Mounting plugin WindowsMoviePlayer
LogPluginManager: Mounting plugin Takes
LogPluginManager: Mounting plugin ContentBrowserAssetDataSource
LogPluginManager: Mounting plugin ContentBrowserClassDataSource
LogPluginManager: Mounting plugin ContentBrowserFileDataSource
LogPluginManager: Mounting plugin OnlineSubsystemGooglePlay
LogPluginManager: Mounting plugin OnlineSubsystemIOS
LogPluginManager: Mounting plugin OculusVR
LogPluginManager: Mounting plugin SteamVR
PixWinPlugin: PIX capture plugin failed to initialize! Check that the process is launched from PIX.
LogInit: Using libcurl 7.55.1-DEV
LogInit:  - built for x86_64-pc-win32
LogInit:  - supports SSL with OpenSSL/1.1.1
LogInit:  - supports HTTP deflate (compression) using libz 1.2.8
LogInit:  - other features:
LogInit:      CURL_VERSION_SSL
LogInit:      CURL_VERSION_LIBZ
LogInit:      CURL_VERSION_IPV6
LogInit:      CURL_VERSION_ASYNCHDNS
LogInit:      CURL_VERSION_LARGEFILE
LogInit:      CURL_VERSION_IDN
LogInit:  CurlRequestOptions (configurable via config and command line):
LogInit:  - bVerifyPeer = true  - Libcurl will verify peer certificate
LogInit:  - bUseHttpProxy = false  - Libcurl will NOT use HTTP proxy
LogInit:  - bDontReuseConnections = false  - Libcurl will reuse connections
LogInit:  - MaxHostConnections = 16  - Libcurl will limit the number of connections to a host
LogInit:  - LocalHostAddr = Default
LogInit:  - BufferSize = 65536
LogOnline: OSS: Creating online subsystem instance for: NULL
LogInit: WinSock: version 1.1 (2.2), MaxSocks=32767, MaxUdp=65467
LogOnline: OSS: TryLoadSubsystemAndSetDefault: Loaded subsystem for module [NULL]
LogOculusPluginWrapper: OculusPlugin initialized successfully
LogHMD: Failed initializing OVRPlugin 1.59.0
LogInit: Build: ++UE4+Release-4.27-CL-18319896
LogInit: Engine Version: 4.27.2-18319896+++UE4+Release-4.27
LogInit: Compatible Engine Version: 4.27.0-17155196+++UE4+Release-4.27
LogInit: Net CL: 17155196
LogInit: OS: Windows 10 (Release 2009) (), CPU: Intel(R) Core(TM) i3-10100F CPU @ 3.60GHz, GPU: Radeon RX 590 Series
LogInit: Compiled (64-bit): Nov 30 2021 07:12:08
LogInit: Compiled with Visual C++: 19.24.28315.00
LogInit: Build Configuration: Development
LogInit: Branch Name: ++UE4+Release-4.27
LogInit: Command Line:  -AUTH_LOGIN=unused -AUTH_PASSWORD=a73a8588c85c48c1aefa8b190ed46eb2 -AUTH_TYPE=exchangecode -epicapp=UE_4.27 -epicenv=Prod -EpicPortal -epicusername=Viquitor28 -epicuserid=0d95da54a7204de891c27b2430241295 -epiclocale=pt-BR -epicsandboxid=ue
LogInit: Base Directory: C:/Program Files/Epic Games/UE_4.27/Engine/Binaries/Win64/
LogInit: Allocator: TBB
LogInit: Installed Engine Build: 1
LogDevObjectVersion: Number of dev versions registered: 29
LogDevObjectVersion:   Dev-Blueprints (B0D832E4-1F89-4F0D-ACCF-7EB736FD4AA2): 10
LogDevObjectVersion:   Dev-Build (E1C64328-A22C-4D53-A36C-8E866417BD8C): 0
LogDevObjectVersion:   Dev-Core (375EC13C-06E4-48FB-B500-84F0262A717E): 4
LogDevObjectVersion:   Dev-Editor (E4B068ED-F494-42E9-A231-DA0B2E46BB41): 40
LogDevObjectVersion:   Dev-Framework (CFFC743F-43B0-4480-9391-14DF171D2073): 37
LogDevObjectVersion:   Dev-Mobile (B02B49B5-BB20-44E9-A304-32B752E40360): 3
LogDevObjectVersion:   Dev-Networking (A4E4105C-59A1-49B5-A7C5-40C4547EDFEE): 0
LogDevObjectVersion:   Dev-Online (39C831C9-5AE6-47DC-9A44-9C173E1C8E7C): 0
LogDevObjectVersion:   Dev-Physics (78F01B33-EBEA-4F98-B9B4-84EACCB95AA2): 14
LogDevObjectVersion:   Dev-Platform (6631380F-2D4D-43E0-8009-CF276956A95A): 0
LogDevObjectVersion:   Dev-Rendering (12F88B9F-8875-4AFC-A67C-D90C383ABD29): 45
LogDevObjectVersion:   Dev-Sequencer (7B5AE74C-D270-4C10-A958-57980B212A5A): 13
LogDevObjectVersion:   Dev-VR (D7296918-1DD6-4BDD-9DE2-64A83CC13884): 3
LogDevObjectVersion:   Dev-LoadTimes (C2A15278-BFE7-4AFE-6C17-90FF531DF755): 1
LogDevObjectVersion:   Private-Geometry (6EACA3D4-40EC-4CC1-B786-8BED09428FC5): 3
LogDevObjectVersion:   Dev-AnimPhys (29E575DD-E0A3-4627-9D10-D276232CDCEA): 17
LogDevObjectVersion:   Dev-Anim (AF43A65D-7FD3-4947-9873-3E8ED9C1BB05): 15
LogDevObjectVersion:   Dev-ReflectionCapture (6B266CEC-1EC7-4B8F-A30B-E4D90942FC07): 1
LogDevObjectVersion:   Dev-Automation (0DF73D61-A23F-47EA-B727-89E90C41499A): 1
LogDevObjectVersion:   FortniteMain (601D1886-AC64-4F84-AA16-D3DE0DEAC7D6): 47
LogDevObjectVersion:   FortniteRelease (E7086368-6B23-4C58-8439-1B7016265E91): 1
LogDevObjectVersion:   Dev-Enterprise (9DFFBCD6-494F-0158-E221-12823C92A888): 10
LogDevObjectVersion:   Dev-Niagara (F2AED0AC-9AFE-416F-8664-AA7FFA26D6FC): 1
LogDevObjectVersion:   Dev-Destruction (174F1F0B-B4C6-45A5-B13F-2EE8D0FB917D): 10
LogDevObjectVersion:   Dev-Physics-Ext (35F94A83-E258-406C-A318-09F59610247C): 41
LogDevObjectVersion:   Dev-PhysicsMaterial-Chaos (B68FC16E-8B1B-42E2-B453-215C058844FE): 1
LogDevObjectVersion:   Dev-CineCamera (B2E18506-4273-CFC2-A54E-F4BB758BBA07): 1
LogDevObjectVersion:   Dev-VirtualProduction (64F58936-FD1B-42BA-BA96-7289D5D0FA4E): 1
LogDevObjectVersion:   Dev-MediaFramework (6F0ED827-A609-4895-9C91-998D90180EA4): 2
LogInit: Presizing for max 25165824 objects, including 0 objects not considered by GC, pre-allocating 0 bytes for permanent pool.
LogConfig: Applying CVar settings from Section [/Script/Engine.StreamingSettings] File [E:/Repositorio/Game/TryApp/Saved/Config/Windows/Engine.ini]
LogConfig: Setting CVar [[s.MinBulkDataSizeForAsyncLoading:131072]]
LogConfig: Setting CVar [[s.AsyncLoadingThreadEnabled:0]]
LogConfig: Setting CVar [[s.EventDrivenLoaderEnabled:1]]
LogConfig: Setting CVar [[s.WarnIfTimeLimitExceeded:0]]
LogConfig: Setting CVar [[s.TimeLimitExceededMultiplier:1.5]]
LogConfig: Setting CVar [[s.TimeLimitExceededMinTime:0.005]]
LogConfig: Setting CVar [[s.UseBackgroundLevelStreaming:1]]
LogConfig: Setting CVar [[s.PriorityAsyncLoadingExtraTime:15.0]]
LogConfig: Setting CVar [[s.LevelStreamingActorsUpdateTimeLimit:5.0]]
LogConfig: Setting CVar [[s.PriorityLevelStreamingActorsUpdateExtraTime:5.0]]
LogConfig: Setting CVar [[s.LevelStreamingComponentsRegistrationGranularity:10]]
LogConfig: Setting CVar [[s.UnregisterComponentsTimeLimit:1.0]]
LogConfig: Setting CVar [[s.LevelStreamingComponentsUnregistrationGranularity:5]]
LogConfig: Setting CVar [[s.FlushStreamingOnExit:1]]
LogInit: Object subsystem initialized
LogConfig: Setting CVar [[con.DebugEarlyDefault:1]]
LogConfig: Setting CVar [[r.setres:1280x720]]
[2025.04.03-20.06.04:687][  0]LogConfig: Setting CVar [[r.VSync:0]]
[2025.04.03-20.06.04:687][  0]LogConfig: Setting CVar [[r.RHICmdBypass:0]]
[2025.04.03-20.06.04:687][  0]LogConfig: Applying CVar settings from Section [/Script/Engine.RendererSettings] File [E:/Repositorio/Game/TryApp/Saved/Config/Windows/Engine.ini]
[2025.04.03-20.06.04:687][  0]LogConfig: Setting CVar [[r.GPUCrashDebugging:0]]
[2025.04.03-20.06.04:687][  0]LogConfig: Applying CVar settings from Section [/Script/Engine.RendererOverrideSettings] File [E:/Repositorio/Game/TryApp/Saved/Config/Windows/Engine.ini]
[2025.04.03-20.06.04:687][  0]LogConfig: Applying CVar settings from Section [/Script/Engine.StreamingSettings] File [E:/Repositorio/Game/TryApp/Saved/Config/Windows/Engine.ini]
[2025.04.03-20.06.04:687][  0]LogConfig: Setting CVar [[s.MinBulkDataSizeForAsyncLoading:131072]]
[2025.04.03-20.06.04:687][  0]LogConfig: Setting CVar [[s.AsyncLoadingThreadEnabled:0]]
[2025.04.03-20.06.04:687][  0]LogConfig: Setting CVar [[s.EventDrivenLoaderEnabled:1]]
[2025.04.03-20.06.04:687][  0]LogConfig: Setting CVar [[s.WarnIfTimeLimitExceeded:0]]
[2025.04.03-20.06.04:687][  0]LogConfig: Setting CVar [[s.TimeLimitExceededMultiplier:1.5]]
[2025.04.03-20.06.04:687][  0]LogConfig: Setting CVar [[s.TimeLimitExceededMinTime:0.005]]
[2025.04.03-20.06.04:687][  0]LogConfig: Setting CVar [[s.UseBackgroundLevelStreaming:1]]
[2025.04.03-20.06.04:687][  0]LogConfig: Setting CVar [[s.PriorityAsyncLoadingExtraTime:15.0]]
[2025.04.03-20.06.04:687][  0]LogConfig: Setting CVar [[s.LevelStreamingActorsUpdateTimeLimit:5.0]]
[2025.04.03-20.06.04:687][  0]LogConfig: Setting CVar [[s.PriorityLevelStreamingActorsUpdateExtraTime:5.0]]
[2025.04.03-20.06.04:687][  0]LogConfig: Setting CVar [[s.LevelStreamingComponentsRegistrationGranularity:10]]
[2025.04.03-20.06.04:687][  0]LogConfig: Setting CVar [[s.UnregisterComponentsTimeLimit:1.0]]
[2025.04.03-20.06.04:687][  0]LogConfig: Setting CVar [[s.LevelStreamingComponentsUnregistrationGranularity:5]]
[2025.04.03-20.06.04:687][  0]LogConfig: Setting CVar [[s.FlushStreamingOnExit:1]]
[2025.04.03-20.06.04:687][  0]LogConfig: Applying CVar settings from Section [/Script/Engine.GarbageCollectionSettings] File [E:/Repositorio/Game/TryApp/Saved/Config/Windows/Engine.ini]
[2025.04.03-20.06.04:687][  0]LogConfig: Setting CVar [[gc.MaxObjectsNotConsideredByGC:1]]
[2025.04.03-20.06.04:687][  0]LogConfig: Setting CVar [[gc.SizeOfPermanentObjectPool:0]]
[2025.04.03-20.06.04:687][  0]LogConfig: Setting CVar [[gc.FlushStreamingOnGC:0]]
[2025.04.03-20.06.04:687][  0]LogConfig: Setting CVar [[gc.NumRetriesBeforeForcingGC:10]]
[2025.04.03-20.06.04:687][  0]LogConfig: Setting CVar [[gc.AllowParallelGC:1]]
[2025.04.03-20.06.04:687][  0]LogConfig: Setting CVar [[gc.TimeBetweenPurgingPendingKillObjects:61.1]]
[2025.04.03-20.06.04:687][  0]LogConfig: Setting CVar [[gc.MaxObjectsInEditor:25165824]]
[2025.04.03-20.06.04:687][  0]LogConfig: Setting CVar [[gc.IncrementalBeginDestroyEnabled:1]]
[2025.04.03-20.06.04:687][  0]LogConfig: Setting CVar [[gc.CreateGCClusters:1]]
[2025.04.03-20.06.04:687][  0]LogConfig: Setting CVar [[gc.MinGCClusterSize:5]]
[2025.04.03-20.06.04:687][  0]LogConfig: Setting CVar [[gc.ActorClusteringEnabled:0]]
[2025.04.03-20.06.04:687][  0]LogConfig: Setting CVar [[gc.BlueprintClusteringEnabled:0]]
[2025.04.03-20.06.04:687][  0]LogConfig: Setting CVar [[gc.UseDisregardForGCOnDedicatedServers:0]]
[2025.04.03-20.06.04:687][  0]LogConfig: Setting CVar [[gc.MultithreadedDestructionEnabled:1]]
[2025.04.03-20.06.04:687][  0]LogConfig: Applying CVar settings from Section [/Script/Engine.NetworkSettings] File [E:/Repositorio/Game/TryApp/Saved/Config/Windows/Engine.ini]
[2025.04.03-20.06.04:687][  0]LogConfig: Applying CVar settings from Section [/Script/UnrealEd.CookerSettings] File [E:/Repositorio/Game/TryApp/Saved/Config/Windows/Engine.ini]
[2025.04.03-20.06.04:700][  0]LogConfig: Applying CVar settings from Section [ViewDistanceQuality@3] File [E:/Repositorio/Game/TryApp/Saved/Config/Windows/Scalability.ini]
[2025.04.03-20.06.04:701][  0]LogConfig: Setting CVar [[r.SkeletalMeshLODBias:0]]
[2025.04.03-20.06.04:701][  0]LogConfig: Setting CVar [[r.ViewDistanceScale:1.0]]
[2025.04.03-20.06.04:701][  0]LogConfig: Applying CVar settings from Section [AntiAliasingQuality@3] File [E:/Repositorio/Game/TryApp/Saved/Config/Windows/Scalability.ini]
[2025.04.03-20.06.04:701][  0]LogConfig: Setting CVar [[r.PostProcessAAQuality:4]]
[2025.04.03-20.06.04:701][  0]LogConfig: Applying CVar settings from Section [ShadowQuality@3] File [E:/Repositorio/Game/TryApp/Saved/Config/Windows/Scalability.ini]
[2025.04.03-20.06.04:701][  0]LogConfig: Setting CVar [[r.LightFunctionQuality:1]]
[2025.04.03-20.06.04:701][  0]LogConfig: Setting CVar [[r.ShadowQuality:5]]
[2025.04.03-20.06.04:701][  0]LogConfig: Setting CVar [[r.Shadow.CSM.MaxCascades:10]]
[2025.04.03-20.06.04:701][  0]LogConfig: Setting CVar [[r.Shadow.MaxResolution:2048]]
[2025.04.03-20.06.04:701][  0]LogConfig: Setting CVar [[r.Shadow.MaxCSMResolution:2048]]
[2025.04.03-20.06.04:701][  0]LogConfig: Setting CVar [[r.Shadow.RadiusThreshold:0.01]]
[2025.04.03-20.06.04:701][  0]LogConfig: Setting CVar [[r.Shadow.DistanceScale:1.0]]
[2025.04.03-20.06.04:701][  0]LogConfig: Setting CVar [[r.Shadow.CSM.TransitionScale:1.0]]
[2025.04.03-20.06.04:701][  0]LogConfig: Setting CVar [[r.Shadow.PreShadowResolutionFactor:1.0]]
[2025.04.03-20.06.04:701][  0]LogConfig: Setting CVar [[r.DistanceFieldShadowing:1]]
[2025.04.03-20.06.04:701][  0]LogConfig: Setting CVar [[r.DistanceFieldAO:1]]
[2025.04.03-20.06.04:701][  0]LogConfig: Setting CVar [[r.AOQuality:2]]
[2025.04.03-20.06.04:701][  0]LogConfig: Setting CVar [[r.VolumetricFog:1]]
[2025.04.03-20.06.04:701][  0]LogConfig: Setting CVar [[r.VolumetricFog.GridPixelSize:8]]
[2025.04.03-20.06.04:701][  0]LogConfig: Setting CVar [[r.VolumetricFog.GridSizeZ:128]]
[2025.04.03-20.06.04:701][  0]LogConfig: Setting CVar [[r.VolumetricFog.HistoryMissSupersampleCount:4]]
[2025.04.03-20.06.04:701][  0]LogConfig: Setting CVar [[r.LightMaxDrawDistanceScale:1]]
[2025.04.03-20.06.04:701][  0]LogConfig: Setting CVar [[r.CapsuleShadows:1]]
[2025.04.03-20.06.04:701][  0]LogConfig: Applying CVar settings from Section [PostProcessQuality@3] File [E:/Repositorio/Game/TryApp/Saved/Config/Windows/Scalability.ini]
[2025.04.03-20.06.04:701][  0]LogConfig: Setting CVar [[r.MotionBlurQuality:4]]
[2025.04.03-20.06.04:701][  0]LogConfig: Setting CVar [[r.AmbientOcclusionMipLevelFactor:0.4]]
[2025.04.03-20.06.04:701][  0]LogConfig: Setting CVar [[r.AmbientOcclusionMaxQuality:100]]
[2025.04.03-20.06.04:701][  0]LogConfig: Setting CVar [[r.AmbientOcclusionLevels:-1]]
[2025.04.03-20.06.04:701][  0]LogConfig: Setting CVar [[r.AmbientOcclusionRadiusScale:1.0]]
[2025.04.03-20.06.04:701][  0]LogConfig: Setting CVar [[r.DepthOfFieldQuality:2]]
[2025.04.03-20.06.04:701][  0]LogConfig: Setting CVar [[r.RenderTargetPoolMin:400]]
[2025.04.03-20.06.04:701][  0]LogConfig: Setting CVar [[r.LensFlareQuality:2]]
[2025.04.03-20.06.04:701][  0]LogConfig: Setting CVar [[r.SceneColorFringeQuality:1]]
[2025.04.03-20.06.04:701][  0]LogConfig: Setting CVar [[r.EyeAdaptationQuality:2]]
[2025.04.03-20.06.04:701][  0]LogConfig: Setting CVar [[r.BloomQuality:5]]
[2025.04.03-20.06.04:701][  0]LogConfig: Setting CVar [[r.FastBlurThreshold:100]]
[2025.04.03-20.06.04:701][  0]LogConfig: Setting CVar [[r.Upscale.Quality:3]]
[2025.04.03-20.06.04:701][  0]LogConfig: Setting CVar [[r.Tonemapper.GrainQuantization:1]]
[2025.04.03-20.06.04:701][  0]LogConfig: Setting CVar [[r.LightShaftQuality:1]]
[2025.04.03-20.06.04:701][  0]LogConfig: Setting CVar [[r.Filter.SizeScale:1]]
[2025.04.03-20.06.04:701][  0]LogConfig: Setting CVar [[r.Tonemapper.Quality:5]]
[2025.04.03-20.06.04:701][  0]LogConfig: Setting CVar [[r.DOF.Gather.AccumulatorQuality:1        ; higher gathering accumulator quality]]
[2025.04.03-20.06.04:701][  0]LogConfig: Setting CVar [[r.DOF.Gather.PostfilterMethod:1          ; Median3x3 postfilering method]]
[2025.04.03-20.06.04:701][  0]LogConfig: Setting CVar [[r.DOF.Gather.EnableBokehSettings:0       ; no bokeh simulation when gathering]]
[2025.04.03-20.06.04:701][  0]LogConfig: Setting CVar [[r.DOF.Gather.RingCount:4                 ; medium number of samples when gathering]]
[2025.04.03-20.06.04:701][  0]LogConfig: Setting CVar [[r.DOF.Scatter.ForegroundCompositing:1    ; additive foreground scattering]]
[2025.04.03-20.06.04:701][  0]LogConfig: Setting CVar [[r.DOF.Scatter.BackgroundCompositing:2    ; additive background scattering]]
[2025.04.03-20.06.04:701][  0]LogConfig: Setting CVar [[r.DOF.Scatter.EnableBokehSettings:1      ; bokeh simulation when scattering]]
[2025.04.03-20.06.04:701][  0]LogConfig: Setting CVar [[r.DOF.Scatter.MaxSpriteRatio:0.1         ; only a maximum of 10% of scattered bokeh]]
[2025.04.03-20.06.04:701][  0]LogConfig: Setting CVar [[r.DOF.Recombine.Quality:1                ; cheap slight out of focus]]
[2025.04.03-20.06.04:701][  0]LogConfig: Setting CVar [[r.DOF.Recombine.EnableBokehSettings:0    ; no bokeh simulation on slight out of focus]]
[2025.04.03-20.06.04:701][  0]LogConfig: Setting CVar [[r.DOF.TemporalAAQuality:1                ; more stable temporal accumulation]]
[2025.04.03-20.06.04:701][  0]LogConfig: Setting CVar [[r.DOF.Kernel.MaxForegroundRadius:0.025]]
[2025.04.03-20.06.04:701][  0]LogConfig: Setting CVar [[r.DOF.Kernel.MaxBackgroundRadius:0.025]]
[2025.04.03-20.06.04:701][  0]LogConfig: Applying CVar settings from Section [TextureQuality@3] File [E:/Repositorio/Game/TryApp/Saved/Config/Windows/Scalability.ini]
[2025.04.03-20.06.04:701][  0]LogConfig: Setting CVar [[r.Streaming.MipBias:0]]
[2025.04.03-20.06.04:701][  0]LogConfig: Setting CVar [[r.Streaming.AmortizeCPUToGPUCopy:0]]
[2025.04.03-20.06.04:701][  0]LogConfig: Setting CVar [[r.Streaming.MaxNumTexturesToStreamPerFrame:0]]
[2025.04.03-20.06.04:701][  0]LogConfig: Setting CVar [[r.Streaming.Boost:1]]
[2025.04.03-20.06.04:701][  0]LogConfig: Setting CVar [[r.MaxAnisotropy:8]]
[2025.04.03-20.06.04:701][  0]LogConfig: Setting CVar [[r.VT.MaxAnisotropy:8]]
[2025.04.03-20.06.04:701][  0]LogConfig: Setting CVar [[r.Streaming.LimitPoolSizeToVRAM:0]]
[2025.04.03-20.06.04:701][  0]LogConfig: Setting CVar [[r.Streaming.PoolSize:1000]]
[2025.04.03-20.06.04:701][  0]LogConfig: Setting CVar [[r.Streaming.MaxEffectiveScreenSize:0]]
[2025.04.03-20.06.04:701][  0]LogConfig: Applying CVar settings from Section [EffectsQuality@3] File [E:/Repositorio/Game/TryApp/Saved/Config/Windows/Scalability.ini]
[2025.04.03-20.06.04:701][  0]LogConfig: Setting CVar [[r.TranslucencyLightingVolumeDim:64]]
[2025.04.03-20.06.04:701][  0]LogConfig: Setting CVar [[r.RefractionQuality:2]]
[2025.04.03-20.06.04:701][  0]LogConfig: Setting CVar [[r.SSR.Quality:3]]
[2025.04.03-20.06.04:701][  0]LogConfig: Setting CVar [[r.SSR.HalfResSceneColor:0]]
[2025.04.03-20.06.04:701][  0]LogConfig: Setting CVar [[r.SceneColorFormat:4]]
[2025.04.03-20.06.04:701][  0]LogConfig: Setting CVar [[r.DetailMode:2]]
[2025.04.03-20.06.04:701][  0]LogConfig: Setting CVar [[r.TranslucencyVolumeBlur:1]]
[2025.04.03-20.06.04:701][  0]LogConfig: Setting CVar [[r.MaterialQualityLevel:1 ; High quality]]
[2025.04.03-20.06.04:701][  0]LogConfig: Setting CVar [[r.AnisotropicMaterials:1]]
[2025.04.03-20.06.04:701][  0]LogConfig: Setting CVar [[r.SSS.Scale:1]]
[2025.04.03-20.06.04:701][  0]LogConfig: Setting CVar [[r.SSS.SampleSet:2]]
[2025.04.03-20.06.04:701][  0]LogConfig: Setting CVar [[r.SSS.Quality:1]]
[2025.04.03-20.06.04:701][  0]LogConfig: Setting CVar [[r.SSS.HalfRes:0]]
[2025.04.03-20.06.04:701][  0]LogConfig: Setting CVar [[r.SSGI.Quality:3]]
[2025.04.03-20.06.04:701][  0]LogConfig: Setting CVar [[r.EmitterSpawnRateScale:1.0]]
[2025.04.03-20.06.04:701][  0]LogConfig: Setting CVar [[r.ParticleLightQuality:2]]
[2025.04.03-20.06.04:701][  0]LogConfig: Setting CVar [[r.SkyAtmosphere.AerialPerspectiveLUT.FastApplyOnOpaque:1 ; Always have FastSkyLUT 1 in this case to avoid wrong sky]]
[2025.04.03-20.06.04:701][  0]LogConfig: Setting CVar [[r.SkyAtmosphere.AerialPerspectiveLUT.SampleCountMaxPerSlice:4]]
[2025.04.03-20.06.04:702][  0]LogConfig: Setting CVar [[r.SkyAtmosphere.AerialPerspectiveLUT.DepthResolution:16.0]]
[2025.04.03-20.06.04:702][  0]LogConfig: Setting CVar [[r.SkyAtmosphere.FastSkyLUT:1]]
[2025.04.03-20.06.04:702][  0]LogConfig: Setting CVar [[r.SkyAtmosphere.FastSkyLUT.SampleCountMin:4.0]]
[2025.04.03-20.06.04:702][  0]LogConfig: Setting CVar [[r.SkyAtmosphere.FastSkyLUT.SampleCountMax:128.0]]
[2025.04.03-20.06.04:702][  0]LogConfig: Setting CVar [[r.SkyAtmosphere.SampleCountMin:4.0]]
[2025.04.03-20.06.04:702][  0]LogConfig: Setting CVar [[r.SkyAtmosphere.SampleCountMax:128.0]]
[2025.04.03-20.06.04:702][  0]LogConfig: Setting CVar [[r.SkyAtmosphere.TransmittanceLUT.UseSmallFormat:0]]
[2025.04.03-20.06.04:702][  0]LogConfig: Setting CVar [[r.SkyAtmosphere.TransmittanceLUT.SampleCount:10.0]]
[2025.04.03-20.06.04:702][  0]LogConfig: Setting CVar [[r.SkyAtmosphere.MultiScatteringLUT.SampleCount:15.0]]
[2025.04.03-20.06.04:702][  0]LogConfig: Setting CVar [[r.SkyLight.RealTimeReflectionCapture:1]]
[2025.04.03-20.06.04:702][  0]LogConfig: Applying CVar settings from Section [FoliageQuality@3] File [E:/Repositorio/Game/TryApp/Saved/Config/Windows/Scalability.ini]
[2025.04.03-20.06.04:702][  0]LogConfig: Setting CVar [[foliage.DensityScale:1.0]]
[2025.04.03-20.06.04:702][  0]LogConfig: Setting CVar [[grass.DensityScale:1.0]]
[2025.04.03-20.06.04:702][  0]LogConfig: Applying CVar settings from Section [ShadingQuality@3] File [E:/Repositorio/Game/TryApp/Saved/Config/Windows/Scalability.ini]
[2025.04.03-20.06.04:702][  0]LogConfig: Setting CVar [[r.HairStrands.SkyLighting.IntegrationType:2]]
[2025.04.03-20.06.04:702][  0]LogConfig: Setting CVar [[r.HairStrands.SkyAO.SampleCount:4]]
[2025.04.03-20.06.04:702][  0]LogConfig: Setting CVar [[r.HairStrands.Visibility.MSAA.SamplePerPixel:4]]
[2025.04.03-20.06.04:702][  0]LogInit: Selected Device Profile: [Windows]
[2025.04.03-20.06.04:702][  0]LogInit: Applying CVar settings loaded from the selected device profile: [Windows]
[2025.04.03-20.06.04:702][  0]LogHAL: Display: Platform has ~ 24 GB [25684705280 / 34359738368 / 24], which maps to Larger [LargestMinGB=32, LargerMinGB=12, DefaultMinGB=8, SmallerMinGB=6, SmallestMinGB=0)
[2025.04.03-20.06.04:702][  0]LogInit: Going up to parent DeviceProfile []
[2025.04.03-20.06.04:702][  0]LogConfig: Applying CVar settings from Section [ViewDistanceQuality@0] File [E:/Repositorio/Game/TryApp/Saved/Config/Windows/Scalability.ini]
[2025.04.03-20.06.04:702][  0]LogConfig: Setting CVar [[r.SkeletalMeshLODBias:2]]
[2025.04.03-20.06.04:702][  0]LogConfig: Setting CVar [[r.ViewDistanceScale:0.4]]
[2025.04.03-20.06.04:702][  0]LogConfig: Applying CVar settings from Section [AntiAliasingQuality@0] File [E:/Repositorio/Game/TryApp/Saved/Config/Windows/Scalability.ini]
[2025.04.03-20.06.04:702][  0]LogConfig: Setting CVar [[r.PostProcessAAQuality:0]]
[2025.04.03-20.06.04:702][  0]LogConfig: Applying CVar settings from Section [ShadowQuality@0] File [E:/Repositorio/Game/TryApp/Saved/Config/Windows/Scalability.ini]
[2025.04.03-20.06.04:702][  0]LogConfig: Setting CVar [[r.LightFunctionQuality:0]]
[2025.04.03-20.06.04:702][  0]LogConfig: Setting CVar [[r.ShadowQuality:0]]
[2025.04.03-20.06.04:702][  0]LogConfig: Setting CVar [[r.Shadow.CSM.MaxCascades:1]]
[2025.04.03-20.06.04:702][  0]LogConfig: Setting CVar [[r.Shadow.MaxResolution:512]]
[2025.04.03-20.06.04:702][  0]LogConfig: Setting CVar [[r.Shadow.MaxCSMResolution:512]]
[2025.04.03-20.06.04:702][  0]LogConfig: Setting CVar [[r.Shadow.RadiusThreshold:0.06]]
[2025.04.03-20.06.04:702][  0]LogConfig: Setting CVar [[r.Shadow.DistanceScale:0.6]]
[2025.04.03-20.06.04:702][  0]LogConfig: Setting CVar [[r.Shadow.CSM.TransitionScale:0]]
[2025.04.03-20.06.04:702][  0]LogConfig: Setting CVar [[r.Shadow.PreShadowResolutionFactor:0.5]]
[2025.04.03-20.06.04:702][  0]LogConfig: Setting CVar [[r.DistanceFieldShadowing:0]]
[2025.04.03-20.06.04:702][  0]LogConfig: Setting CVar [[r.DistanceFieldAO:0]]
[2025.04.03-20.06.04:702][  0]LogConfig: Setting CVar [[r.VolumetricFog:0]]
[2025.04.03-20.06.04:702][  0]LogConfig: Setting CVar [[r.LightMaxDrawDistanceScale:0]]
[2025.04.03-20.06.04:702][  0]LogConfig: Setting CVar [[r.CapsuleShadows:0]]
[2025.04.03-20.06.04:702][  0]LogConfig: Applying CVar settings from Section [PostProcessQuality@0] File [E:/Repositorio/Game/TryApp/Saved/Config/Windows/Scalability.ini]
[2025.04.03-20.06.04:702][  0]LogConfig: Setting CVar [[r.MotionBlurQuality:0]]
[2025.04.03-20.06.04:702][  0]LogConfig: Setting CVar [[r.AmbientOcclusionMipLevelFactor:1.0]]
[2025.04.03-20.06.04:702][  0]LogConfig: Setting CVar [[r.AmbientOcclusionMaxQuality:0]]
[2025.04.03-20.06.04:702][  0]LogConfig: Setting CVar [[r.AmbientOcclusionLevels:0]]
[2025.04.03-20.06.04:702][  0]LogConfig: Setting CVar [[r.AmbientOcclusionRadiusScale:1.2]]
[2025.04.03-20.06.04:702][  0]LogConfig: Setting CVar [[r.DepthOfFieldQuality:0]]
[2025.04.03-20.06.04:702][  0]LogConfig: Setting CVar [[r.RenderTargetPoolMin:300]]
[2025.04.03-20.06.04:702][  0]LogConfig: Setting CVar [[r.LensFlareQuality:0]]
[2025.04.03-20.06.04:702][  0]LogConfig: Setting CVar [[r.SceneColorFringeQuality:0]]
[2025.04.03-20.06.04:702][  0]LogConfig: Setting CVar [[r.EyeAdaptationQuality:2]]
[2025.04.03-20.06.04:702][  0]LogConfig: Setting CVar [[r.BloomQuality:4]]
[2025.04.03-20.06.04:702][  0]LogConfig: Setting CVar [[r.FastBlurThreshold:0]]
[2025.04.03-20.06.04:702][  0]LogConfig: Setting CVar [[r.Upscale.Quality:1]]
[2025.04.03-20.06.04:702][  0]LogConfig: Setting CVar [[r.Tonemapper.GrainQuantization:0]]
[2025.04.03-20.06.04:702][  0]LogConfig: Setting CVar [[r.LightShaftQuality:0]]
[2025.04.03-20.06.04:702][  0]LogConfig: Setting CVar [[r.Filter.SizeScale:0.6]]
[2025.04.03-20.06.04:702][  0]LogConfig: Setting CVar [[r.Tonemapper.Quality:0]]
[2025.04.03-20.06.04:702][  0]LogConfig: Applying CVar settings from Section [TextureQuality@0] File [E:/Repositorio/Game/TryApp/Saved/Config/Windows/Scalability.ini]
[2025.04.03-20.06.04:703][  0]LogConfig: Setting CVar [[r.Streaming.MipBias:16]]
[2025.04.03-20.06.04:703][  0]LogConfig: Setting CVar [[r.Streaming.AmortizeCPUToGPUCopy:1]]
[2025.04.03-20.06.04:703][  0]LogConfig: Setting CVar [[r.Streaming.MaxNumTexturesToStreamPerFrame:1]]
[2025.04.03-20.06.04:703][  0]LogConfig: Setting CVar [[r.Streaming.Boost:0.3]]
[2025.04.03-20.06.04:703][  0]LogConfig: Setting CVar [[r.MaxAnisotropy:0]]
[2025.04.03-20.06.04:703][  0]LogConfig: Setting CVar [[r.VT.MaxAnisotropy:4]]
[2025.04.03-20.06.04:703][  0]LogConfig: Setting CVar [[r.Streaming.LimitPoolSizeToVRAM:1]]
[2025.04.03-20.06.04:703][  0]LogConfig: Setting CVar [[r.Streaming.PoolSize:400]]
[2025.04.03-20.06.04:703][  0]LogConfig: Setting CVar [[r.Streaming.MaxEffectiveScreenSize:0]]
[2025.04.03-20.06.04:703][  0]LogConfig: Applying CVar settings from Section [EffectsQuality@0] File [E:/Repositorio/Game/TryApp/Saved/Config/Windows/Scalability.ini]
[2025.04.03-20.06.04:703][  0]LogConfig: Setting CVar [[r.TranslucencyLightingVolumeDim:24]]
[2025.04.03-20.06.04:703][  0]LogConfig: Setting CVar [[r.RefractionQuality:0]]
[2025.04.03-20.06.04:703][  0]LogConfig: Setting CVar [[r.SSR.Quality:0]]
[2025.04.03-20.06.04:703][  0]LogConfig: Setting CVar [[r.SSR.HalfResSceneColor:1]]
[2025.04.03-20.06.04:703][  0]LogConfig: Setting CVar [[r.SceneColorFormat:3]]
[2025.04.03-20.06.04:703][  0]LogConfig: Setting CVar [[r.DetailMode:0]]
[2025.04.03-20.06.04:703][  0]LogConfig: Setting CVar [[r.TranslucencyVolumeBlur:0]]
[2025.04.03-20.06.04:703][  0]LogConfig: Setting CVar [[r.MaterialQualityLevel:0 ; Low quality]]
[2025.04.03-20.06.04:703][  0]LogConfig: Setting CVar [[r.AnisotropicMaterials:0]]
[2025.04.03-20.06.04:703][  0]LogConfig: Setting CVar [[r.SSS.Scale:0]]
[2025.04.03-20.06.04:703][  0]LogConfig: Setting CVar [[r.SSS.SampleSet:0]]
[2025.04.03-20.06.04:703][  0]LogConfig: Setting CVar [[r.SSS.Quality:0]]
[2025.04.03-20.06.04:703][  0]LogConfig: Setting CVar [[r.SSS.HalfRes:1]]
[2025.04.03-20.06.04:703][  0]LogConfig: Setting CVar [[r.SSGI.Quality:0]]
[2025.04.03-20.06.04:703][  0]LogConfig: Setting CVar [[r.EmitterSpawnRateScale:0.125]]
[2025.04.03-20.06.04:703][  0]LogConfig: Setting CVar [[r.ParticleLightQuality:0]]
[2025.04.03-20.06.04:703][  0]LogConfig: Setting CVar [[r.SkyAtmosphere.AerialPerspectiveLUT.FastApplyOnOpaque:1 ; Always have FastSkyLUT 1 in this case to avoid wrong sky]]
[2025.04.03-20.06.04:703][  0]LogConfig: Setting CVar [[r.SkyAtmosphere.AerialPerspectiveLUT.SampleCountMaxPerSlice:1]]
[2025.04.03-20.06.04:703][  0]LogConfig: Setting CVar [[r.SkyAtmosphere.AerialPerspectiveLUT.DepthResolution:8.0]]
[2025.04.03-20.06.04:703][  0]LogConfig: Setting CVar [[r.SkyAtmosphere.FastSkyLUT:1]]
[2025.04.03-20.06.04:703][  0]LogConfig: Setting CVar [[r.SkyAtmosphere.FastSkyLUT.SampleCountMin:2.0]]
[2025.04.03-20.06.04:703][  0]LogConfig: Setting CVar [[r.SkyAtmosphere.FastSkyLUT.SampleCountMax:16.0]]
[2025.04.03-20.06.04:703][  0]LogConfig: Setting CVar [[r.SkyAtmosphere.SampleCountMin:2.0]]
[2025.04.03-20.06.04:703][  0]LogConfig: Setting CVar [[r.SkyAtmosphere.SampleCountMax:16.0]]
[2025.04.03-20.06.04:703][  0]LogConfig: Setting CVar [[r.SkyAtmosphere.TransmittanceLUT.UseSmallFormat:1]]
[2025.04.03-20.06.04:703][  0]LogConfig: Setting CVar [[r.SkyAtmosphere.TransmittanceLUT.SampleCount:10.0]]
[2025.04.03-20.06.04:703][  0]LogConfig: Setting CVar [[r.SkyAtmosphere.MultiScatteringLUT.SampleCount:15.0]]
[2025.04.03-20.06.04:703][  0]LogConfig: Setting CVar [[r.SkyLight.RealTimeReflectionCapture:0]]
[2025.04.03-20.06.04:703][  0]LogConfig: Applying CVar settings from Section [FoliageQuality@0] File [E:/Repositorio/Game/TryApp/Saved/Config/Windows/Scalability.ini]
[2025.04.03-20.06.04:703][  0]LogConfig: Setting CVar [[foliage.DensityScale:0]]
[2025.04.03-20.06.04:703][  0]LogConfig: Setting CVar [[grass.DensityScale:0]]
[2025.04.03-20.06.04:703][  0]LogConfig: Applying CVar settings from Section [ShadingQuality@0] File [E:/Repositorio/Game/TryApp/Saved/Config/Windows/Scalability.ini]
[2025.04.03-20.06.04:703][  0]LogConfig: Setting CVar [[r.HairStrands.SkyLighting.IntegrationType:2]]
[2025.04.03-20.06.04:703][  0]LogConfig: Setting CVar [[r.HairStrands.SkyAO.SampleCount:4]]
[2025.04.03-20.06.04:703][  0]LogConfig: Setting CVar [[r.HairStrands.Visibility.MSAA.SamplePerPixel:1]]
[2025.04.03-20.06.04:703][  0]LogConfig: Applying CVar settings from Section [Startup] File [../../../Engine/Config/ConsoleVariables.ini]
[2025.04.03-20.06.04:704][  0]LogConfig: Setting CVar [[net.UseAdaptiveNetUpdateFrequency:0]]
[2025.04.03-20.06.04:704][  0]LogConfig: Setting CVar [[p.chaos.AllowCreatePhysxBodies:1]]
[2025.04.03-20.06.04:704][  0]LogConfig: Setting CVar [[fx.SkipVectorVMBackendOptimizations:1]]
[2025.04.03-20.06.04:704][  0]LogConfig: Applying CVar settings from Section [ConsoleVariables] File [E:/Repositorio/Game/TryApp/Saved/Config/Windows/Engine.ini]
[2025.04.03-20.06.04:704][  0]LogConfig: Applying CVar settings from Section [ConsoleVariables] File [E:/Repositorio/Game/TryApp/Saved/Config/Windows/Editor.ini]
[2025.04.03-20.06.04:704][  0]LogInit: Computer: VICTOR-DESKTOP
[2025.04.03-20.06.04:704][  0]LogInit: User: victor
[2025.04.03-20.06.04:704][  0]LogInit: CPU Page size=4096, Cores=4
[2025.04.03-20.06.04:704][  0]LogInit: High frequency timer resolution =10.000000 MHz
[2025.04.03-20.06.04:704][  0]LogMemory: Memory total: Physical=23.9GB (24GB approx)
[2025.04.03-20.06.04:704][  0]LogMemory: Platform Memory Stats for Windows
[2025.04.03-20.06.04:705][  0]LogMemory: Process Physical Memory: 152.82 MB used, 152.82 MB peak
[2025.04.03-20.06.04:705][  0]LogMemory: Process Virtual Memory: 120.85 MB used, 120.85 MB peak
[2025.04.03-20.06.04:705][  0]LogMemory: Physical Memory: 11106.03 MB used,  13388.82 MB free, 24494.84 MB total
[2025.04.03-20.06.04:705][  0]LogMemory: Virtual Memory: 134205944.00 MB used,  11787.00 MB free, 134217728.00 MB total
[2025.04.03-20.06.04:715][  0]LogWindows: WindowsPlatformFeatures enabled
[2025.04.03-20.06.04:761][  0]LogInit: Physics initialised using underlying interface: PhysX
[2025.04.03-20.06.04:762][  0]LogInit: Overriding language with editor language configuration option (en).
[2025.04.03-20.06.04:762][  0]LogInit: Overriding language with editor locale configuration option (en).
[2025.04.03-20.06.05:125][  0]LogInit: Setting process to per monitor DPI aware
[2025.04.03-20.06.05:156][  0]LogWindowsTextInputMethodSystem: Display: IME system deactivated.
[2025.04.03-20.06.05:185][  0]LogSlate: New Slate User Created.  User Index 0, Is Virtual User: 0
[2025.04.03-20.06.05:185][  0]LogSlate: Slate User Registered.  User Index 0, Is Virtual User: 0
[2025.04.03-20.06.05:558][  0]LogD3D11RHI: Loaded GFSDK_Aftermath_Lib.x64.dll
[2025.04.03-20.06.05:565][  0]LogHMD: Failed to initialize OpenVR with code 110
[2025.04.03-20.06.05:565][  0]LogD3D11RHI: D3D11 min allowed feature level: 11_0
[2025.04.03-20.06.05:565][  0]LogD3D11RHI: D3D11 max allowed feature level: 11_0
[2025.04.03-20.06.05:565][  0]LogD3D11RHI: D3D11 adapters:
[2025.04.03-20.06.05:643][  0]LogD3D11RHI:    0. 'Radeon RX 590 Series' (Feature Level 11_0)
[2025.04.03-20.06.05:643][  0]LogD3D11RHI:       8170/0/12247 MB DedicatedVideo/DedicatedSystem/SharedSystem, Outputs:1, VendorId:0x1002
[2025.04.03-20.06.05:654][  0]LogD3D11RHI:    1. 'Microsoft Basic Render Driver' (Feature Level 11_0)
[2025.04.03-20.06.05:654][  0]LogD3D11RHI:       0/0/12247 MB DedicatedVideo/DedicatedSystem/SharedSystem, Outputs:0, VendorId:0x1414
[2025.04.03-20.06.05:720][  0]LogD3D11RHI:    2. 'Radeon RX 590 Series' (Feature Level 11_0)
[2025.04.03-20.06.05:721][  0]LogD3D11RHI:       8170/0/12247 MB DedicatedVideo/DedicatedSystem/SharedSystem, Outputs:0, VendorId:0x1002
[2025.04.03-20.06.05:721][  0]LogD3D11RHI: Chosen D3D11 Adapter:
[2025.04.03-20.06.05:721][  0]LogD3D11RHI:     Description : Radeon RX 590 Series
[2025.04.03-20.06.05:721][  0]LogD3D11RHI:     VendorId    : 1002
[2025.04.03-20.06.05:721][  0]LogD3D11RHI:     DeviceId    : 67df
[2025.04.03-20.06.05:721][  0]LogD3D11RHI:     SubSysId    : 95871682
[2025.04.03-20.06.05:721][  0]LogD3D11RHI:     Revision    : 00e1
[2025.04.03-20.06.05:721][  0]LogD3D11RHI:     DedicatedVideoMemory : 8567902208 bytes
[2025.04.03-20.06.05:721][  0]LogD3D11RHI:     DedicatedSystemMemory : 0 bytes
[2025.04.03-20.06.05:721][  0]LogD3D11RHI:     SharedSystemMemory : 12842352640 bytes
[2025.04.03-20.06.05:721][  0]LogD3D11RHI:     AdapterLuid : 0 68926
[2025.04.03-20.06.05:728][  0]LogD3D11RHI: Creating new Direct3DDevice
[2025.04.03-20.06.05:728][  0]LogD3D11RHI:     GPU DeviceId: 0x67df (for the marketing name, search the web for "GPU Device Id")
[2025.04.03-20.06.05:728][  0]LogWindows: EnumDisplayDevices:
[2025.04.03-20.06.05:728][  0]LogWindows:    0. 'Radeon RX 590 Series' (P:1 D:1)
[2025.04.03-20.06.05:728][  0]LogWindows:    1. 'Radeon RX 590 Series' (P:0 D:0)
[2025.04.03-20.06.05:728][  0]LogWindows:    2. 'Radeon RX 590 Series' (P:0 D:0)
[2025.04.03-20.06.05:729][  0]LogWindows:    3. 'Radeon RX 590 Series' (P:0 D:0)
[2025.04.03-20.06.05:729][  0]LogWindows:    4. 'Radeon RX 590 Series' (P:0 D:0)
[2025.04.03-20.06.05:729][  0]LogWindows:    5. 'Radeon RX 590 Series' (P:0 D:0)
[2025.04.03-20.06.05:730][  0]LogWindows:    6. 'Radeon RX 590 Series' (P:0 D:0)
[2025.04.03-20.06.05:730][  0]LogWindows:    7. 'Parsec Virtual Display Adapter' (P:0 D:0)
[2025.04.03-20.06.05:730][  0]LogWindows:    8. 'Parsec Virtual Display Adapter' (P:0 D:0)
[2025.04.03-20.06.05:730][  0]LogWindows:    9. 'Parsec Virtual Display Adapter' (P:0 D:0)
[2025.04.03-20.06.05:731][  0]LogWindows:    10. 'Parsec Virtual Display Adapter' (P:0 D:0)
[2025.04.03-20.06.05:731][  0]LogWindows:    11. 'Parsec Virtual Display Adapter' (P:0 D:0)
[2025.04.03-20.06.05:731][  0]LogWindows:    12. 'Parsec Virtual Display Adapter' (P:0 D:0)
[2025.04.03-20.06.05:731][  0]LogWindows:    13. 'Parsec Virtual Display Adapter' (P:0 D:0)
[2025.04.03-20.06.05:731][  0]LogWindows:    14. 'Parsec Virtual Display Adapter' (P:0 D:0)
[2025.04.03-20.06.05:732][  0]LogWindows:    15. 'Parsec Virtual Display Adapter' (P:0 D:0)
[2025.04.03-20.06.05:732][  0]LogWindows:    16. 'Parsec Virtual Display Adapter' (P:0 D:0)
[2025.04.03-20.06.05:732][  0]LogWindows:    17. 'Parsec Virtual Display Adapter' (P:0 D:0)
[2025.04.03-20.06.05:732][  0]LogWindows:    18. 'Parsec Virtual Display Adapter' (P:0 D:0)
[2025.04.03-20.06.05:732][  0]LogWindows:    19. 'Parsec Virtual Display Adapter' (P:0 D:0)
[2025.04.03-20.06.05:732][  0]LogWindows:    20. 'Parsec Virtual Display Adapter' (P:0 D:0)
[2025.04.03-20.06.05:733][  0]LogWindows:    21. 'Parsec Virtual Display Adapter' (P:0 D:0)
[2025.04.03-20.06.05:733][  0]LogWindows:    22. 'Parsec Virtual Display Adapter' (P:0 D:0)
[2025.04.03-20.06.05:733][  0]LogWindows: DebugString: GetVideoDriverDetailsInvalid PrimaryIsNotTheChoosenAdapter GetVideoDriverDetailsInvalid PrimaryIsNotTheChoosenAdapter GetVideoDriverDetailsInvalid PrimaryIsNotTheChoosenAdapter GetVideoDriverDetailsInvalid PrimaryIsNotTheChoosenAdapter GetVideoDriverDetailsInvalid PrimaryIsNotTheChoosenAdapter GetVideoDriverDetailsInvalid PrimaryIsNotTheChoosenAdapter GetVideoDriverDetailsInvalid PrimaryIsNotTheChoosenAdapter GetVideoDriverDetailsInvalid PrimaryIsNotTheChoosenAdapter GetVideoDriverDetailsInvalid PrimaryIsNotTheChoosenAdapter GetVideoDriverDetailsInvalid PrimaryIsNotTheChoosenAdapter GetVideoDriverDetailsInvalid PrimaryIsNotTheChoosenAdapter GetVideoDriverDetailsInvalid PrimaryIsNotTheChoosenAdapter GetVideoDriverDetailsInvalid PrimaryIsNotTheChoosenAdapter GetVideoDriverDetailsInvalid PrimaryIsNotTheChoosenAdapter GetVideoDriverDetailsInvalid PrimaryIsNotTheChoosenAdapter GetVideoDriverDetailsInvalid PrimaryIsNotTheChoosenAdapter FoundDriverCount:7 
[2025.04.03-20.06.05:733][  0]LogD3D11RHI:     Adapter Name: Radeon RX 590 Series
[2025.04.03-20.06.05:733][  0]LogD3D11RHI:   Driver Version: AMD Software: Adrenalin Edition 24.9.1 (internal:31.0.21921.1000, unified:31.0.21921.1000)
[2025.04.03-20.06.05:733][  0]LogD3D11RHI:      Driver Date: 8-19-2024
[2025.04.03-20.06.05:733][  0]LogRHI: Texture pool is 5182 MB (70% of 7402 MB)
[2025.04.03-20.06.05:789][  0]LogD3D11RHI: Creating D3DDevice with AMD AGS, using adapter:
[2025.04.03-20.06.05:789][  0]LogD3D11RHI:     Description : Radeon RX 590 Series
[2025.04.03-20.06.05:789][  0]LogD3D11RHI:     VendorId    : 1002
[2025.04.03-20.06.05:789][  0]LogD3D11RHI:     DeviceId    : 67df
[2025.04.03-20.06.05:789][  0]LogD3D11RHI:     SubSysId    : 95871682
[2025.04.03-20.06.05:789][  0]LogD3D11RHI:     Revision    : 00e1
[2025.04.03-20.06.05:789][  0]LogD3D11RHI:     DedicatedVideoMemory : 8567902208 bytes
[2025.04.03-20.06.05:789][  0]LogD3D11RHI:     DedicatedSystemMemory : 0 bytes
[2025.04.03-20.06.05:789][  0]LogD3D11RHI:     SharedSystemMemory : 12842352640 bytes
[2025.04.03-20.06.05:789][  0]LogD3D11RHI:     AdapterLuid : 0 68926
[2025.04.03-20.06.05:858][  0]LogD3D11RHI: Created device via AGS, feature level 11_0, supported extensions 1fffffbf.
[2025.04.03-20.06.05:858][  0]LogD3D11RHI: RHI has support for 64 bit atomics
[2025.04.03-20.06.05:858][  0]LogD3D11RHI: Async texture creation enabled
[2025.04.03-20.06.05:858][  0]LogD3D11RHI: Array index from any shader is supported
[2025.04.03-20.06.05:871][  0]LogD3D11RHI: GPU Timing Frequency: 25.000000 (Debug: 2 1)
[2025.04.03-20.06.06:318][  0]LogTargetPlatformManager: Display: Loaded TargetPlatform 'AllDesktop'
[2025.04.03-20.06.06:344][  0]LogTargetPlatformManager: Display: Loaded TargetPlatform 'Android'
[2025.04.03-20.06.06:344][  0]LogTargetPlatformManager: Display: Loaded TargetPlatform 'Android_ASTC'
[2025.04.03-20.06.06:344][  0]LogTargetPlatformManager: Display: Loaded TargetPlatform 'Android_DXT'
[2025.04.03-20.06.06:344][  0]LogTargetPlatformManager: Display: Loaded TargetPlatform 'Android_ETC2'
[2025.04.03-20.06.06:344][  0]LogTargetPlatformManager: Display: Loaded TargetPlatform 'AndroidClient'
[2025.04.03-20.06.06:344][  0]LogTargetPlatformManager: Display: Loaded TargetPlatform 'Android_ASTCClient'
[2025.04.03-20.06.06:344][  0]LogTargetPlatformManager: Display: Loaded TargetPlatform 'Android_DXTClient'
[2025.04.03-20.06.06:344][  0]LogTargetPlatformManager: Display: Loaded TargetPlatform 'Android_ETC2Client'
[2025.04.03-20.06.06:344][  0]LogTargetPlatformManager: Display: Loaded TargetPlatform 'Android_Multi'
[2025.04.03-20.06.06:344][  0]LogTargetPlatformManager: Display: Loaded TargetPlatform 'Android_MultiClient'
[2025.04.03-20.06.06:368][  0]LogTargetPlatformManager: Display: Loaded TargetPlatform 'IOSClient'
[2025.04.03-20.06.06:368][  0]LogTargetPlatformManager: Display: Loaded TargetPlatform 'IOS'
[2025.04.03-20.06.06:379][  0]LogTargetPlatformManager: Display: Loaded TargetPlatform 'Linux'
[2025.04.03-20.06.06:387][  0]LogTargetPlatformManager: Display: Loaded TargetPlatform 'LinuxNoEditor'
[2025.04.03-20.06.06:392][  0]LogTargetPlatformManager: Display: Loaded TargetPlatform 'LinuxClient'
[2025.04.03-20.06.06:399][  0]LogTargetPlatformManager: Display: Loaded TargetPlatform 'LinuxServer'
[2025.04.03-20.06.06:409][  0]LogTargetPlatformManager: Display: Loaded TargetPlatform 'LinuxAArch64NoEditor'
[2025.04.03-20.06.06:416][  0]LogTargetPlatformManager: Display: Loaded TargetPlatform 'LinuxAArch64Client'
[2025.04.03-20.06.06:421][  0]LogTargetPlatformManager: Display: Loaded TargetPlatform 'LinuxAArch64Server'
[2025.04.03-20.06.06:449][  0]LogTargetPlatformManager: Display: Loaded TargetPlatform 'Lumin'
[2025.04.03-20.06.06:449][  0]LogTargetPlatformManager: Display: Loaded TargetPlatform 'LuminClient'
[2025.04.03-20.06.06:466][  0]LogTargetPlatformManager: Display: Loaded TargetPlatform 'MacNoEditor'
[2025.04.03-20.06.06:475][  0]LogTargetPlatformManager: Display: Loaded TargetPlatform 'Mac'
[2025.04.03-20.06.06:482][  0]LogTargetPlatformManager: Display: Loaded TargetPlatform 'MacClient'
[2025.04.03-20.06.06:490][  0]LogTargetPlatformManager: Display: Loaded TargetPlatform 'MacServer'
[2025.04.03-20.06.06:503][  0]LogTargetPlatformManager: Display: Loaded TargetPlatform 'TVOSClient'
[2025.04.03-20.06.06:503][  0]LogTargetPlatformManager: Display: Loaded TargetPlatform 'TVOS'
[2025.04.03-20.06.06:515][  0]LogTargetPlatformManager: Display: Loaded TargetPlatform 'WindowsNoEditor'
[2025.04.03-20.06.06:523][  0]LogTargetPlatformManager: Display: Loaded TargetPlatform 'Windows'
[2025.04.03-20.06.06:528][  0]LogTargetPlatformManager: Display: Loaded TargetPlatform 'WindowsClient'
[2025.04.03-20.06.06:535][  0]LogTargetPlatformManager: Display: Loaded TargetPlatform 'WindowsServer'
[2025.04.03-20.06.06:536][  0]LogTargetPlatformManager: Display: Building Assets For Windows
[2025.04.03-20.06.06:549][  0]LogAudioDebug: Display: Lib vorbis DLL was dynamically loaded.
[2025.04.03-20.06.06:620][  0]LogTextureFormatOodle: Display: Oodle Texture 2.9.0 init RDO Off
[2025.04.03-20.06.06:695][  0]LogRendererCore: Ray tracing is disabled. Reason: r.RayTracing=0.
[2025.04.03-20.06.06:695][  0]LogShaderCompilers: Guid format shader working directory is 21 characters bigger than the processId version (E:/Repositorio/Game/TryApp/Intermediate/Shaders/WorkingDirectory/4736/).
[2025.04.03-20.06.06:695][  0]LogShaderCompilers: Cleaned the shader compiler working directory 'C:/Users/victor/AppData/Local/Temp/UnrealShaderWorkingDir/CDF423684C013858393B579800636738/'.
[2025.04.03-20.06.06:695][  0]LogXGEController: Cannot use XGE Controller as Incredibuild is not installed on this machine.
[2025.04.03-20.06.06:695][  0]LogShaderCompilers: Cannot use XGE Shader Compiler as Incredibuild is not installed on this machine.
[2025.04.03-20.06.06:695][  0]LogShaderCompilers: Display: Using Local Shader Compiler.
[2025.04.03-20.06.07:853][  0]LogDerivedDataCache: Display: Max Cache Size: 512 MB
[2025.04.03-20.06.07:940][  0]LogDerivedDataCache: Loaded boot cache 0.09s 94MB C:/Users/victor/AppData/Local/UnrealEngine/4.27/DerivedDataCache/Boot.ddc.
[2025.04.03-20.06.07:940][  0]LogDerivedDataCache: Display: Loaded Boot cache: C:/Users/victor/AppData/Local/UnrealEngine/4.27/DerivedDataCache/Boot.ddc
[2025.04.03-20.06.07:940][  0]LogDerivedDataCache: FDerivedDataBackendGraph:  Pak pak cache file E:/Repositorio/Game/TryApp/DerivedDataCache/DDC.ddp not found, will not use a pak cache.
[2025.04.03-20.06.07:940][  0]LogDerivedDataCache: Unable to find inner node Pak for hierarchical cache Hierarchy.
[2025.04.03-20.06.07:940][  0]LogDerivedDataCache: FDerivedDataBackendGraph:  CompressedPak pak cache file E:/Repositorio/Game/TryApp/DerivedDataCache/Compressed.ddp not found, will not use a pak cache.
[2025.04.03-20.06.07:940][  0]LogDerivedDataCache: Unable to find inner node CompressedPak for hierarchical cache Hierarchy.
[2025.04.03-20.06.07:957][  0]LogDerivedDataCache: Display: Pak cache opened for reading ../../../Engine/DerivedDataCache/Compressed.ddp.
[2025.04.03-20.06.07:957][  0]LogDerivedDataCache: FDerivedDataBackendGraph:  EnterprisePak pak cache file ../../../Enterprise/DerivedDataCache/Compressed.ddp not found, will not use a pak cache.
[2025.04.03-20.06.07:957][  0]LogDerivedDataCache: Unable to find inner node EnterprisePak for hierarchical cache Hierarchy.
[2025.04.03-20.06.07:971][  0]LogDerivedDataCache: Speed tests for C:/Users/victor/AppData/Local/UnrealEngine/Common/DerivedDataCache took 0.01 seconds
[2025.04.03-20.06.07:971][  0]LogDerivedDataCache: Display: Performance to C:/Users/victor/AppData/Local/UnrealEngine/Common/DerivedDataCache: Latency=0.09ms. RandomReadSpeed=154.61MBs, RandomWriteSpeed=132.09MBs. Assigned SpeedClass 'Local'
[2025.04.03-20.06.07:972][  0]LogDerivedDataCache: Using Local data cache path C:/Users/victor/AppData/Local/UnrealEngine/Common/DerivedDataCache: Writable
[2025.04.03-20.06.07:972][  0]LogDerivedDataCache: Shared data cache path not found in *engine.ini, will not use an Shared cache.
[2025.04.03-20.06.07:972][  0]LogDerivedDataCache: Unable to find inner node Shared for hierarchical cache Hierarchy.
[2025.04.03-20.06.08:022][  0]LogSlate: Using FreeType 2.10.0
[2025.04.03-20.06.08:023][  0]LogSlate: SlateFontServices - WITH_FREETYPE: 1, WITH_HARFBUZZ: 1
[2025.04.03-20.06.08:061][  0]LogAssetRegistry: FAssetRegistry took 0.0037 seconds to start up
[2025.04.03-20.06.08:337][  0]LogInit: Selected Device Profile: [Windows]
[2025.04.03-20.06.08:337][  0]LogInit: Active device profile: [0000023C9EE9F800][0000023C9D1253C0 49] Windows
[2025.04.03-20.06.08:337][  0]LogInit: Profiles: [0000023C9EE9F800][0000023C9D1253C0 49] Windows, [0000023C9FE68A00][0000023C9D12D540 49] WindowsNoEditor, [0000023C9EE9C900][0000023C9FA456C0 49] WindowsServer, [0000023C9FE6B700][0000023C9FA49840 49] WindowsClient, [0000023C9EE9F600][0000023C9FA4D9C0 49] IOS, [0000023C9FE68D00][0000023C9FA51B40 49] iPadAir, [0000023C9EE9CC00][0000023C9FA54140 49] iPadAir2, [0000023C9FE2C800][0000023C9FA5C400 49] IPadPro, [0000023C9FE2C900][0000023C9FA58440 49] iPadAir3, [0000023C9EE9F300][0000023C9D128580 49] iPadAir4, [0000023C9FE2F900][0000023CA0A706C0 49] iPadMini2, [0000023C9EE9D000][0000023CA0A74800 49] iPadMini3, [0000023C9FE2D700][0000023CA0A78940 49] iPadMini4, [0000023C9EE9ED00][0000023CA0A80AC0 49] iPadMini5, [0000023C9FE69D00][0000023CA0A88D80 49] iPhone6, [0000023C9FE6AE00][0000023CA0A84DC0 49] iPodTouch6, [0000023C9FE1BE00][0000023CA0A91080 49] iPhone7, [0000023C9FE1BF00][0000023CA0A8D0C0 49] iPodTouch7, [0000023C9FE6BF00][0000023CA0A95240 49] iPhone5S, [0000023C9FE18E00][0000023CA0A993C0 49] iPhone6Plus, [0000023C9FE69000][0000023CA0A9D540 49] iPhone6S, [0000023C9FE1B000][0000023CA0AA16C0 49] iPhone6SPlus, [0000023C9FE68500][0000023CA0AA5840 49] iPhone7Plus, [0000023C9FE19300][0000023CA0AA99C0 49] iPhoneSE, [0000023C9FE6A300][0000023CA0AADB40 49] iPhone8, [0000023C9FE1AB00][0000023CA0AB0140 49] iPhone8Plus, [0000023C9FE68700][0000023CA0AB42C0 49] iPhoneX, [0000023C9FE19800][0000023CA0AB8440 49] iPhoneXS, [0000023C9FE69E00][0000023CA0ABC5C0 49] iPhoneXSMax, [0000023C9FE1BC00][0000023CA0AC0740 49] iPhoneXR, [0000023C9FE69500][0000023CA0A7C880 49] iPhone11, [0000023C9FE18C00][0000023CA0AC49C0 49] iPhone11Pro, [0000023C9FE6BA00][0000023CA0AC8B00 49] iPhone11ProMax, [0000023C9FE1AD00][0000023CA0AD0C80 49] iPhoneSE2, [0000023C9FE6BE00][0000023CA0AD4E00 49] iPhone12Mini, [0000023C9FE1B800][0000023CA0AD8F80 49] iPhone12, [0000023C9FE68E00][0000023CA0ADD100 49] iPhone12Pro, [0000023C9FE1A700][0000023CA0AE1280 49] iPhone12ProMax, [0000023C9FE69100][0000023CA0AE5400 49] iPadPro105, [0000023C9FE19200][0000023CA0AE9580 49] iPadPro129, [0000023C9FE6A000][0000023CA0AED700 49] iPadPro97, [0000023C9FE19100][0000023CA0AF1880 49] iPadPro2_129, [0000023C9FE6A100][0000023CA0AF5A00 49] iPad5, [0000023C9FE1B200][0000023CA0AF9B80 49] iPad6, [0000023C9FE69B00][0000023CA0AFC180 49] iPad7, [0000023C9FE1AC00][0000023CA0B00300 49] iPad8, [0000023C9FE6B600][0000023CA0B04480 49] iPadPro11, [0000023C9FE18F00][0000023CA0B08600 49] iPadPro2_11, [0000023C9FE68400][0000023CA0B0C780 49] iPadPro3_129, [0000023C9FE19500][0000023CA0B10900 49] iPadPro4_129, [0000023C9FE6B300][0000023CA0ACCA40 49] AppleTV, [0000023C9FE1B700][0000023CA0B14B80 49] AppleTV4K, [0000023C9FE69900][0000023CA0B18CC0 49] TVOS, [0000023C9FE18900][0000023CA0B20E40 49] Mac, [0000023C9FE6B800][0000023CA0B24FC0 49] MacClient, [0000023C9FE1A000][0000023CA0B29140 49] MacNoEditor, [0000023C9FE6B500][0000023CA0B2D2C0 49] MacServer, [0000023C9FE18500][0000023CA0B31440 49] Linux, [0000023C9FE6AC00][0000023CA0B355C0 49] LinuxAArch64, [0000023C9FE19400][0000023CA0B39740 49] LinuxNoEditor, [0000023C9FE6B100][0000023CA0B3D8C0 49] LinuxAArch64NoEditor, [0000023C9FE1A400][0000023CA0B41A40 49] LinuxClient, [0000023C9FE6B400][0000023CA0B45BC0 49] LinuxAArch64Client, [0000023C9FE18B00][0000023CA0B481C0 49] LinuxServer, [0000023C9FE69C00][0000023CA0B4C340 49] LinuxAArch64Server, [0000023C9FE19000][0000023CA0B504C0 49] Android, [0000023C9FE6A200][0000023CA0B54640 49] Android_Low, [0000023C9FE2D400][0000023CA0B587C0 49] Android_Mid, [0000023C9EEE5900][0000023CA0B5C940 49] Android_High, [0000023C9FE2CB00][0000023CA0B60AC0 49] Android_Default, [0000023C9EEE4D00][0000023CA0B1CC00 49] Android_Adreno4xx, [0000023C9FE2EB00][0000023CA0B64D40 49] Android_Adreno5xx_Low, [0000023C9EEE4100][0000023CA0B68E80 49] Android_Adreno5xx, [0000023C9FE2E800][0000023CA0B6CFC0 49] Android_Adreno6xx, [0000023C9EEE4B00][0000023CA0B75140 49] Android_Adreno6xx_Vulkan, [0000023C9FE2CD00][0000023CA0B792C0 49] Android_Mali_T6xx, [0000023C9EEE5400][0000023CA0B7D440 49] Android_Mali_T7xx, [0000023C9FE2E400][0000023CA0B815C0 49] Android_Mali_T8xx, [0000023C9EEE4500][0000023CA0B85740 49] Android_Mali_G71, [0000023C9FE2C500][0000023CA0BF98C0 49] Android_Mali_G72, [0000023C9EEE4F00][0000023C9CB5DA40 49] Android_Mali_G72_Vulkan, [0000023C9FE2EE00][0000023C9CBC5BC0 49] Android_Mali_G76, [0000023C9EEE5B00][0000023C9CD301C0 49] Android_Mali_G76_Vulkan, [0000023C9FE2D100][0000023C9CD34340 49] Android_Mali_G77, [0000023C9EEE6000][0000023C9F6604C0 49] Android_Mali_G77_Vulkan, [0000023C9FE2D900][0000023C9F668640 49] Android_Mali_G78, [0000023C9EEE4200][0000023CA0B907C0 49] Android_Mali_G78_Vulkan, [0000023C9FE2D500][0000023CA1A88940 49] Android_Mali_G710, [0000023C9EEE5500][0000023CA1A8CAC0 49] Android_Mali_G710_Vulkan, [0000023C9FE2F700][0000023CA1A94C40 49] Android_Vulkan_SM5, [0000023C9EEE6700][0000023CA0B70D80 49] Android_PowerVR_G6xxx, [0000023C9FE2FF00][0000023CA1A9CEC0 49] Android_PowerVR_GT7xxx, [0000023C9EEE4E00][0000023CA0BF3000 49] Android_PowerVR_GE8xxx, [0000023C9FE2E900][0000023CA0C6D140 49] Android_PowerVR_GM9xxx, [0000023C9EEE4800][0000023C9CD912C0 49] Android_PowerVR_GM9xxx_Vulkan, [0000023C9FE69700][0000023C9CDB5440 49] Android_TegraK1, [0000023C9FE18A00][0000023C9CDB95C0 49] Android_Unknown_Vulkan, [0000023C9FE69F00][0000023C9CDBD740 49] Lumin, [0000023C9FE19900][0000023C9CDC18C0 49] Lumin_Desktop, [0000023C9FE6AA00][0000023C9CA13A40 49] HoloLens, 
[2025.04.03-20.06.08:493][  0]LogMeshReduction: Using QuadricMeshReduction for automatic static mesh reduction
[2025.04.03-20.06.08:493][  0]LogMeshReduction: Using SimplygonMeshReduction for automatic skeletal mesh reduction
[2025.04.03-20.06.08:493][  0]LogMeshReduction: Using ProxyLODMeshReduction for automatic mesh merging
[2025.04.03-20.06.08:493][  0]LogMeshReduction: No distributed automatic mesh merging module available
[2025.04.03-20.06.08:493][  0]LogMeshMerging: No distributed automatic mesh merging module available
[2025.04.03-20.06.08:519][  0]LogNetVersion: TryApp 1.0.0, NetCL: 17155196, EngineNetVer: 17, GameNetVer: 0 (Checksum: 4003258989)
[2025.04.03-20.06.09:135][  0]LogTexture: Default maximum texture size for cubemaps generated from long-lat sources has been changed from 512 to unlimited. In order to preserve old behaiour for '/Engine/MapTemplates/Sky/DaylightAmbientCubemap.DaylightAmbientCubemap', its maximum texture size has been explicitly set to 512.
[2025.04.03-20.06.09:201][  0]LogHMD: PokeAHoleMaterial loaded successfully
[2025.04.03-20.06.09:208][  0]LogUObjectArray: 17178 objects as part of root set at end of initial load.
[2025.04.03-20.06.09:208][  0]LogUObjectAllocator: 4302048 out of 0 bytes used by permanent object pool.
[2025.04.03-20.06.09:208][  0]LogUObjectArray: CloseDisregardForGC: 0/0 objects in disregard for GC pool
[2025.04.03-20.06.09:622][  0]LogNiagaraDebuggerClient: Niagara Debugger Client Initialized | Session: 5A4165244AB31594685034952F34D74E | Instance: 93E1652D4666B071E90F239BE59C606D (VICTOR-DESKTOP-4736).
[2025.04.03-20.06.09:718][  0]LogPython: Using Python 3.7.7
[2025.04.03-20.06.10:504][  0]LogTcpMessaging: Initializing TcpMessaging bridge
[2025.04.03-20.06.10:526][  0]LogUdpMessaging: Initializing bridge on interface 0.0.0.0:0 to multicast group 230.0.0.1:6666.
[2025.04.03-20.06.11:184][  0]LogOpenImageDenoise: OIDN starting up
[2025.04.03-20.06.11:257][  0]SourceControl: Source control is disabled
[2025.04.03-20.06.11:257][  0]SourceControl: Source control is disabled
[2025.04.03-20.06.11:274][  0]SourceControl: Source control is disabled
[2025.04.03-20.06.11:279][  0]SourceControl: Source control is disabled
[2025.04.03-20.06.11:290][  0]SourceControl: Source control is disabled
[2025.04.03-20.06.11:299][  0]LogUProjectInfo: Found projects:
[2025.04.03-20.06.11:308][  0]LogVSAccessor: Display: Unable to create Visual Studio setup instance: 80040154
[2025.04.03-20.06.11:309][  0]LogVSAccessor: Display: Unable to create Visual Studio setup instance: 80040154
[2025.04.03-20.06.11:309][  0]LogVSAccessor: Display: Unable to create Visual Studio setup instance: 80040154
[2025.04.03-20.06.11:329][  0]LogAndroidPermission: UAndroidPermissionCallbackProxy::GetInstance
[2025.04.03-20.06.11:364][  0]LogAudioCaptureCore: Display: No Audio Capture implementations found. Audio input will be silent.
[2025.04.03-20.06.11:364][  0]LogAudioCaptureCore: Display: No Audio Capture implementations found. Audio input will be silent.
[2025.04.03-20.06.11:562][  0]LogCollectionManager: Loaded 0 collections in 0.001576 seconds
[2025.04.03-20.06.11:616][  0]LogFileCache: Scanning file cache for directory 'E:/Repositorio/Game/TryApp/Saved/Collections/' took 0.00s
[2025.04.03-20.06.11:616][  0]LogFileCache: Scanning file cache for directory 'E:/Repositorio/Game/TryApp/Content/Developers/victor/Collections/' took 0.00s
[2025.04.03-20.06.11:616][  0]LogFileCache: Scanning file cache for directory 'E:/Repositorio/Game/TryApp/Content/Collections/' took 0.00s
[2025.04.03-20.06.11:616][  0]LogOcInput: OculusInput pre-init called
[2025.04.03-20.06.11:948][  0]LogEngine: Initializing Engine...
[2025.04.03-20.06.11:962][  0]LogHMD: Failed to enumerate extensions. Please check that you have a valid OpenXR runtime installed.
[2025.04.03-20.06.11:963][  0]LogHMD: Failed to initialize OpenVR with code 110
[2025.04.03-20.06.11:963][  0]LogMagicLeap: Warning: VR disabled because ZI is not enabled.  To enable, in the editor, Edit -> Project Settings -> Plugins -> Magic Leap Plugin -> Enable Zero Iteration
[2025.04.03-20.06.11:964][  0]LogStats: UGameplayTagsManager::InitializeManager -  0.000 s
[2025.04.03-20.06.12:162][  0]LogInit: Initializing FReadOnlyCVARCache
[2025.04.03-20.06.12:174][  0]LogAIModule: Creating AISystem for world Untitled
[2025.04.03-20.06.12:174][  0]LogAudio: Display: Initializing Audio Device Manager...
[2025.04.03-20.06.12:180][  0]LogAudio: Display: Loading Default Audio Settings Objects...
[2025.04.03-20.06.12:181][  0]LogAudio: Display: No default SoundConcurrencyObject specified (or failed to load).
[2025.04.03-20.06.12:181][  0]LogAudio: Display: Audio Device Manager Initialized
[2025.04.03-20.06.12:181][  0]LogAudio: Display: Creating Audio Device:                 Id: 1, Scope: Shared, Realtime: True
[2025.04.03-20.06.12:181][  0]LogAudioMixer: Display: Audio Mixer Platform Settings:
[2025.04.03-20.06.12:181][  0]LogAudioMixer: Display: 	Sample Rate:						  48000
[2025.04.03-20.06.12:181][  0]LogAudioMixer: Display: 	Callback Buffer Frame Size Requested: 1024
[2025.04.03-20.06.12:181][  0]LogAudioMixer: Display: 	Callback Buffer Frame Size To Use:	  1024
[2025.04.03-20.06.12:181][  0]LogAudioMixer: Display: 	Number of buffers to queue:			  2
[2025.04.03-20.06.12:181][  0]LogAudioMixer: Display: 	Max Channels (voices):				  32
[2025.04.03-20.06.12:181][  0]LogAudioMixer: Display: 	Number of Async Source Workers:		  0
[2025.04.03-20.06.12:181][  0]LogAudio: Display: AudioDevice MaxSources: 32
[2025.04.03-20.06.12:183][  0]LogAudio: Display: Audio Spatialization Plugin: None (built-in).
[2025.04.03-20.06.12:183][  0]LogAudio: Display: Audio Reverb Plugin: None (built-in).
[2025.04.03-20.06.12:183][  0]LogAudio: Display: Audio Occlusion Plugin: None (built-in).
[2025.04.03-20.06.12:183][  0]LogAudioMixer: Display: Initializing audio mixer.
[2025.04.03-20.06.12:202][  0]LogAudioMixer: Display: 0: FrontLeft
[2025.04.03-20.06.12:202][  0]LogAudioMixer: Display: 1: FrontRight
[2025.04.03-20.06.12:202][  0]LogAudioMixer: Display: 2: FrontCenter
[2025.04.03-20.06.12:202][  0]LogAudioMixer: Display: 3: LowFrequency
[2025.04.03-20.06.12:202][  0]LogAudioMixer: Display: 4: BackLeft
[2025.04.03-20.06.12:202][  0]LogAudioMixer: Display: 5: BackRight
[2025.04.03-20.06.12:202][  0]LogAudioMixer: Display: 6: SideLeft
[2025.04.03-20.06.12:202][  0]LogAudioMixer: Display: 7: SideRight
[2025.04.03-20.06.12:244][  0]LogAudioMixer: Display: Using Audio Device SteelSeries Sonar - Gaming (SteelSeries Sonar Virtual Audio Device)
[2025.04.03-20.06.12:248][  0]LogAudioMixer: Display: Initializing Sound Submixes...
[2025.04.03-20.06.12:254][  0]LogAudioMixer: Display: Creating Master Submix 'MasterSubmixDefault'
[2025.04.03-20.06.12:254][  0]LogAudioMixer: Display: Creating Master Submix 'MasterReverbSubmixDefault'
[2025.04.03-20.06.12:255][  0]LogAudioMixer: Display: Creating Master Submix 'MasterEQSubmixDefault'
[2025.04.03-20.06.12:255][  0]LogAudioMixer: FMixerPlatformXAudio2::StartAudioStream() called
[2025.04.03-20.06.12:255][  0]LogAudioMixer: Display: Output buffers initialized: Frames=1024, Channels=8, Samples=8192
[2025.04.03-20.06.12:256][  0]LogAudioMixer: Display: Starting AudioMixerPlatformInterface::RunInternal()
[2025.04.03-20.06.12:256][  0]LogAudioMixer: Display: FMixerPlatformXAudio2::SubmitBuffer() called for the first time
[2025.04.03-20.06.12:256][  0]LogInit: FAudioDevice initialized.
[2025.04.03-20.06.12:256][  0]LogAudio: Display: Audio Device (ID: 1) registered with world 'Untitled'.
[2025.04.03-20.06.12:256][  0]LogNetVersion: Set ProjectVersion to 1.0.0.0. Version Checksum will be recalculated on next use.
[2025.04.03-20.06.12:357][  0]LogDerivedDataCache: Saved boot cache 0.10s 94MB C:/Users/victor/AppData/Local/UnrealEngine/4.27/DerivedDataCache/Boot.ddc.
[2025.04.03-20.06.12:358][  0]LogInit: Texture streaming: Enabled
[2025.04.03-20.06.12:381][  0]LogAnalytics: Display: [UEEditor.Rocket.Release] APIServer = https://datarouter.ol.epicgames.com/. AppVersion = 4.27.2-18319896+++UE4+Release-4.27
[2025.04.03-20.06.12:388][  0]LogEngineSessionManager: EngineSessionManager initialized
[2025.04.03-20.06.12:388][  0]LogEditorSessionSummary: Verbose: Initializing EditorSessionSummaryWriter for editor session tracking
[2025.04.03-20.06.12:393][  0]LogEditorSessionSummary: EditorSessionSummaryWriter initialized
[2025.04.03-20.06.12:427][  0]LogInit: Transaction tracking system initialized
[2025.04.03-20.06.12:475][  0]BlueprintLog: New page: Editor Load
[2025.04.03-20.06.12:610][  0]LocalizationService: Localization service is disabled
[2025.04.03-20.06.12:653][  0]TimingProfiler: Initialize
[2025.04.03-20.06.12:654][  0]TimingProfiler: OnSessionChanged
[2025.04.03-20.06.12:654][  0]LoadingProfiler: Initialize
[2025.04.03-20.06.12:654][  0]LoadingProfiler: OnSessionChanged
[2025.04.03-20.06.12:654][  0]NetworkingProfiler: Initialize
[2025.04.03-20.06.12:654][  0]NetworkingProfiler: OnSessionChanged
[2025.04.03-20.06.12:654][  0]MemoryProfiler: Initialize
[2025.04.03-20.06.12:654][  0]MemoryProfiler: OnSessionChanged
[2025.04.03-20.06.12:770][  0]LogVSAccessor: Display: Unable to create Visual Studio setup instance: 80040154
[2025.04.03-20.06.12:771][  0]LogVSAccessor: Display: Unable to create Visual Studio setup instance: 80040154
[2025.04.03-20.06.12:772][  0]LogVSAccessor: Display: Unable to create Visual Studio setup instance: 80040154
[2025.04.03-20.06.12:994][  0]LogCook: Display: CookSettings for Memory: MemoryMaxUsedVirtual 0MiB, MemoryMaxUsedPhysical 16384MiB, MemoryMinFreeVirtual 0MiB, MemoryMinFreePhysical 1024MiB
[2025.04.03-20.06.12:994][  0]LogCook: Display: Mobile HDR setting 1
[2025.04.03-20.06.13:305][  0]LogFileCache: Scanning file cache for directory 'E:/Repositorio/Game/TryApp/Content/' took 0.00s
[2025.04.03-20.06.13:562][  0]LogInit: Display: Engine is initialized. Leaving FEngineLoop::Init()
[2025.04.03-20.06.13:570][  0]SourceControl: Source control is disabled
[2025.04.03-20.06.13:570][  0]LogUnrealEdMisc: Loading editor; pre map load, took 11.159
[2025.04.03-20.06.13:570][  0]Cmd: MAP LOAD FILE="E:/Repositorio/Game/TryApp/Content/StarterContent/Maps/Minimal_Default.umap" TEMPLATE=0 SHOWPROGRESS=1 FEATURELEVEL=3
[2025.04.03-20.06.13:589][  0]LightingResults: New page: Lighting Build
[2025.04.03-20.06.13:593][  0]LogWorld: UWorld::CleanupWorld for Untitled, bSessionEnded=true, bCleanupResources=true
[2025.04.03-20.06.13:593][  0]LogSlate: InvalidateAllWidgets triggered.  All widgets were invalidated
[2025.04.03-20.06.13:593][  0]MapCheck: New page: Map Check
[2025.04.03-20.06.13:593][  0]LightingResults: New page: Lighting Build
[2025.04.03-20.06.13:601][  0]LogAudio: Display: Audio Device unregistered from world 'None'.
[2025.04.03-20.06.13:604][  0]LogUObjectHash: Compacting FUObjectHashTables data took   0.85ms
[2025.04.03-20.06.14:107][  0]LogStaticMesh: Building static mesh Floor_400x400...
[2025.04.03-20.06.14:116][  0]LogStaticMesh: Built static mesh [0.01s] /Game/StarterContent/Architecture/Floor_400x400.Floor_400x400
[2025.04.03-20.06.14:194][  0]LogTexture: Display: Building textures: DeprecatedTextureD6C57B644F03DADF4F2699848FAEA3C3 (BGRA8, 128X128)
[2025.04.03-20.06.14:201][  0]LogTexture: Display: Building textures: DeprecatedTexture8D91C9AE4C6B8D628CDA3C848426284A (BGRA8, 128X128)
[2025.04.03-20.06.14:219][  0]LogAudio: Display: Audio Device (ID: 1) registered with world 'Minimal_Default'.
[2025.04.03-20.06.14:220][  0]LogAIModule: Creating AISystem for world Minimal_Default
[2025.04.03-20.06.14:232][  0]LogEditorServer: Finished looking for orphan Actors (0.000 secs)
[2025.04.03-20.06.14:241][  0]LogUObjectHash: Compacting FUObjectHashTables data took   1.37ms
[2025.04.03-20.06.14:241][  0]Cmd: MAP CHECKDEP NOCLEARLOG
[2025.04.03-20.06.14:241][  0]MapCheck: Map check complete: 0 Error(s), 0 Warning(s), took 0.117ms to complete.
[2025.04.03-20.06.14:241][  0]LogFileHelpers: Loading map 'Minimal_Default' took 0.671
[2025.04.03-20.06.14:243][  0]LogUnrealEdMisc: Total Editor Startup Time, took 11.832
[2025.04.03-20.06.14:452][  0]LogSlate: Updating window title bar state: overlay mode, drag disabled, window buttons hidden, title bar hidden
[2025.04.03-20.06.14:460][  0]LogSlate: Updating window title bar state: overlay mode, drag disabled, window buttons hidden, title bar hidden
[2025.04.03-20.06.14:466][  0]LogSlate: Updating window title bar state: overlay mode, drag disabled, window buttons hidden, title bar hidden
[2025.04.03-20.06.14:473][  0]LogSlate: Updating window title bar state: overlay mode, drag disabled, window buttons hidden, title bar hidden
[2025.04.03-20.06.14:520][  0]LogNativeClassHierarchy: Verbose: Native class hierarchy populated in 0.0097 seconds. Added 3822 classes and 928 folders.
[2025.04.03-20.06.14:530][  0]LogNativeClassHierarchy: Verbose: Native class hierarchy updated for 'WidgetCarousel' in 0.0004 seconds. Added 0 classes and 0 folders.
[2025.04.03-20.06.14:536][  0]LogPakFile: PakFile PrimaryIndexSize=187
[2025.04.03-20.06.14:536][  0]LogPakFile: PakFile PathHashIndexSize=101
[2025.04.03-20.06.14:536][  0]LogPakFile: PakFile FullDirectoryIndexSize=148
[2025.04.03-20.06.14:537][  0]LogShaderLibrary: Display: ShaderCodeLibraryPakFileMountedCallback: PakFile 'C:/Program Files/Epic Games/UE_4.27/FeaturePacks/FP_FirstPerson.upack' (chunk index -1, root 'root:/') mounted
[2025.04.03-20.06.14:537][  0]LogShaderLibrary: Display: ShaderCodeLibraryPakFileMountedCallback: pending pak file info (ChunkID:-1 Root:root:/ File:C:/Program Files/Epic Games/UE_4.27/FeaturePacks/FP_FirstPerson.upack)
[2025.04.03-20.06.14:538][  0]LogPakFile: OnPakFileMounted2Time == 0.001323
[2025.04.03-20.06.14:541][  0]LogPakFile: PakFile PrimaryIndexSize=189
[2025.04.03-20.06.14:541][  0]LogPakFile: PakFile PathHashIndexSize=101
[2025.04.03-20.06.14:541][  0]LogPakFile: PakFile FullDirectoryIndexSize=152
[2025.04.03-20.06.14:541][  0]LogShaderLibrary: Display: ShaderCodeLibraryPakFileMountedCallback: PakFile 'C:/Program Files/Epic Games/UE_4.27/FeaturePacks/FP_FirstPersonBP.upack' (chunk index -1, root 'root:/') mounted
[2025.04.03-20.06.14:541][  0]LogShaderLibrary: Display: ShaderCodeLibraryPakFileMountedCallback: pending pak file info (ChunkID:-1 Root:root:/ File:C:/Program Files/Epic Games/UE_4.27/FeaturePacks/FP_FirstPersonBP.upack)
[2025.04.03-20.06.14:541][  0]LogPakFile: OnPakFileMounted2Time == 0.000044
[2025.04.03-20.06.14:543][  0]LogPakFile: PakFile PrimaryIndexSize=191
[2025.04.03-20.06.14:543][  0]LogPakFile: PakFile PathHashIndexSize=101
[2025.04.03-20.06.14:543][  0]LogPakFile: PakFile FullDirectoryIndexSize=160
[2025.04.03-20.06.14:543][  0]LogShaderLibrary: Display: ShaderCodeLibraryPakFileMountedCallback: PakFile 'C:/Program Files/Epic Games/UE_4.27/FeaturePacks/MobileStarterContent.upack' (chunk index -1, root 'root:/') mounted
[2025.04.03-20.06.14:543][  0]LogShaderLibrary: Display: ShaderCodeLibraryPakFileMountedCallback: pending pak file info (ChunkID:-1 Root:root:/ File:C:/Program Files/Epic Games/UE_4.27/FeaturePacks/MobileStarterContent.upack)
[2025.04.03-20.06.14:543][  0]LogPakFile: OnPakFileMounted2Time == 0.000032
[2025.04.03-20.06.14:546][  0]LogPakFile: PakFile PrimaryIndexSize=185
[2025.04.03-20.06.14:546][  0]LogPakFile: PakFile PathHashIndexSize=101
[2025.04.03-20.06.14:546][  0]LogPakFile: PakFile FullDirectoryIndexSize=148
[2025.04.03-20.06.14:546][  0]LogShaderLibrary: Display: ShaderCodeLibraryPakFileMountedCallback: PakFile 'C:/Program Files/Epic Games/UE_4.27/FeaturePacks/StarterContent.upack' (chunk index -1, root 'root:/') mounted
[2025.04.03-20.06.14:546][  0]LogShaderLibrary: Display: ShaderCodeLibraryPakFileMountedCallback: pending pak file info (ChunkID:-1 Root:root:/ File:C:/Program Files/Epic Games/UE_4.27/FeaturePacks/StarterContent.upack)
[2025.04.03-20.06.14:546][  0]LogPakFile: OnPakFileMounted2Time == 0.000045
[2025.04.03-20.06.14:548][  0]LogPakFile: PakFile PrimaryIndexSize=190
[2025.04.03-20.06.14:548][  0]LogPakFile: PakFile PathHashIndexSize=101
[2025.04.03-20.06.14:548][  0]LogPakFile: PakFile FullDirectoryIndexSize=154
[2025.04.03-20.06.14:548][  0]LogShaderLibrary: Display: ShaderCodeLibraryPakFileMountedCallback: PakFile 'C:/Program Files/Epic Games/UE_4.27/FeaturePacks/TP_2DSideScroller.upack' (chunk index -1, root 'root:/') mounted
[2025.04.03-20.06.14:548][  0]LogShaderLibrary: Display: ShaderCodeLibraryPakFileMountedCallback: pending pak file info (ChunkID:-1 Root:root:/ File:C:/Program Files/Epic Games/UE_4.27/FeaturePacks/TP_2DSideScroller.upack)
[2025.04.03-20.06.14:548][  0]LogPakFile: OnPakFileMounted2Time == 0.000034
[2025.04.03-20.06.14:550][  0]LogPakFile: PakFile PrimaryIndexSize=192
[2025.04.03-20.06.14:550][  0]LogPakFile: PakFile PathHashIndexSize=101
[2025.04.03-20.06.14:550][  0]LogPakFile: PakFile FullDirectoryIndexSize=158
[2025.04.03-20.06.14:550][  0]LogShaderLibrary: Display: ShaderCodeLibraryPakFileMountedCallback: PakFile 'C:/Program Files/Epic Games/UE_4.27/FeaturePacks/TP_2DSideScrollerBP.upack' (chunk index -1, root 'root:/') mounted
[2025.04.03-20.06.14:550][  0]LogShaderLibrary: Display: ShaderCodeLibraryPakFileMountedCallback: pending pak file info (ChunkID:-1 Root:root:/ File:C:/Program Files/Epic Games/UE_4.27/FeaturePacks/TP_2DSideScrollerBP.upack)
[2025.04.03-20.06.14:550][  0]LogPakFile: OnPakFileMounted2Time == 0.000066
[2025.04.03-20.06.14:552][  0]LogPakFile: PakFile PrimaryIndexSize=182
[2025.04.03-20.06.14:552][  0]LogPakFile: PakFile PathHashIndexSize=101
[2025.04.03-20.06.14:552][  0]LogPakFile: PakFile FullDirectoryIndexSize=138
[2025.04.03-20.06.14:552][  0]LogShaderLibrary: Display: ShaderCodeLibraryPakFileMountedCallback: PakFile 'C:/Program Files/Epic Games/UE_4.27/FeaturePacks/TP_Flying.upack' (chunk index -1, root 'root:/') mounted
[2025.04.03-20.06.14:552][  0]LogShaderLibrary: Display: ShaderCodeLibraryPakFileMountedCallback: pending pak file info (ChunkID:-1 Root:root:/ File:C:/Program Files/Epic Games/UE_4.27/FeaturePacks/TP_Flying.upack)
[2025.04.03-20.06.14:552][  0]LogPakFile: OnPakFileMounted2Time == 0.000036
[2025.04.03-20.06.14:554][  0]LogPakFile: PakFile PrimaryIndexSize=184
[2025.04.03-20.06.14:554][  0]LogPakFile: PakFile PathHashIndexSize=101
[2025.04.03-20.06.14:554][  0]LogPakFile: PakFile FullDirectoryIndexSize=142
[2025.04.03-20.06.14:554][  0]LogShaderLibrary: Display: ShaderCodeLibraryPakFileMountedCallback: PakFile 'C:/Program Files/Epic Games/UE_4.27/FeaturePacks/TP_FlyingBP.upack' (chunk index -1, root 'root:/') mounted
[2025.04.03-20.06.14:554][  0]LogShaderLibrary: Display: ShaderCodeLibraryPakFileMountedCallback: pending pak file info (ChunkID:-1 Root:root:/ File:C:/Program Files/Epic Games/UE_4.27/FeaturePacks/TP_FlyingBP.upack)
[2025.04.03-20.06.14:554][  0]LogPakFile: OnPakFileMounted2Time == 0.000032
[2025.04.03-20.06.14:555][  0]LogPakFile: PakFile PrimaryIndexSize=188
[2025.04.03-20.06.14:555][  0]LogPakFile: PakFile PathHashIndexSize=101
[2025.04.03-20.06.14:555][  0]LogPakFile: PakFile FullDirectoryIndexSize=150
[2025.04.03-20.06.14:555][  0]LogShaderLibrary: Display: ShaderCodeLibraryPakFileMountedCallback: PakFile 'C:/Program Files/Epic Games/UE_4.27/FeaturePacks/TP_HandheldARBP.upack' (chunk index -1, root 'root:/') mounted
[2025.04.03-20.06.14:555][  0]LogShaderLibrary: Display: ShaderCodeLibraryPakFileMountedCallback: pending pak file info (ChunkID:-1 Root:root:/ File:C:/Program Files/Epic Games/UE_4.27/FeaturePacks/TP_HandheldARBP.upack)
[2025.04.03-20.06.14:555][  0]LogPakFile: OnPakFileMounted2Time == 0.000034
[2025.04.03-20.06.14:557][  0]LogPakFile: PakFile PrimaryIndexSize=182
[2025.04.03-20.06.14:557][  0]LogPakFile: PakFile PathHashIndexSize=101
[2025.04.03-20.06.14:557][  0]LogPakFile: PakFile FullDirectoryIndexSize=138
[2025.04.03-20.06.14:557][  0]LogShaderLibrary: Display: ShaderCodeLibraryPakFileMountedCallback: PakFile 'C:/Program Files/Epic Games/UE_4.27/FeaturePacks/TP_Puzzle.upack' (chunk index -1, root 'root:/') mounted
[2025.04.03-20.06.14:557][  0]LogShaderLibrary: Display: ShaderCodeLibraryPakFileMountedCallback: pending pak file info (ChunkID:-1 Root:root:/ File:C:/Program Files/Epic Games/UE_4.27/FeaturePacks/TP_Puzzle.upack)
[2025.04.03-20.06.14:557][  0]LogPakFile: OnPakFileMounted2Time == 0.000031
[2025.04.03-20.06.14:558][  0]LogPakFile: PakFile PrimaryIndexSize=184
[2025.04.03-20.06.14:559][  0]LogPakFile: PakFile PathHashIndexSize=101
[2025.04.03-20.06.14:559][  0]LogPakFile: PakFile FullDirectoryIndexSize=142
[2025.04.03-20.06.14:559][  0]LogShaderLibrary: Display: ShaderCodeLibraryPakFileMountedCallback: PakFile 'C:/Program Files/Epic Games/UE_4.27/FeaturePacks/TP_PuzzleBP.upack' (chunk index -1, root 'root:/') mounted
[2025.04.03-20.06.14:559][  0]LogShaderLibrary: Display: ShaderCodeLibraryPakFileMountedCallback: pending pak file info (ChunkID:-1 Root:root:/ File:C:/Program Files/Epic Games/UE_4.27/FeaturePacks/TP_PuzzleBP.upack)
[2025.04.03-20.06.14:559][  0]LogPakFile: OnPakFileMounted2Time == 0.000054
[2025.04.03-20.06.14:561][  0]LogPakFile: PakFile PrimaryIndexSize=183
[2025.04.03-20.06.14:561][  0]LogPakFile: PakFile PathHashIndexSize=101
[2025.04.03-20.06.14:561][  0]LogPakFile: PakFile FullDirectoryIndexSize=140
[2025.04.03-20.06.14:561][  0]LogShaderLibrary: Display: ShaderCodeLibraryPakFileMountedCallback: PakFile 'C:/Program Files/Epic Games/UE_4.27/FeaturePacks/TP_Rolling.upack' (chunk index -1, root 'root:/') mounted
[2025.04.03-20.06.14:561][  0]LogShaderLibrary: Display: ShaderCodeLibraryPakFileMountedCallback: pending pak file info (ChunkID:-1 Root:root:/ File:C:/Program Files/Epic Games/UE_4.27/FeaturePacks/TP_Rolling.upack)
[2025.04.03-20.06.14:561][  0]LogPakFile: OnPakFileMounted2Time == 0.000036
[2025.04.03-20.06.14:562][  0]LogPakFile: PakFile PrimaryIndexSize=185
[2025.04.03-20.06.14:562][  0]LogPakFile: PakFile PathHashIndexSize=101
[2025.04.03-20.06.14:562][  0]LogPakFile: PakFile FullDirectoryIndexSize=144
[2025.04.03-20.06.14:562][  0]LogShaderLibrary: Display: ShaderCodeLibraryPakFileMountedCallback: PakFile 'C:/Program Files/Epic Games/UE_4.27/FeaturePacks/TP_RollingBP.upack' (chunk index -1, root 'root:/') mounted
[2025.04.03-20.06.14:563][  0]LogShaderLibrary: Display: ShaderCodeLibraryPakFileMountedCallback: pending pak file info (ChunkID:-1 Root:root:/ File:C:/Program Files/Epic Games/UE_4.27/FeaturePacks/TP_RollingBP.upack)
[2025.04.03-20.06.14:563][  0]LogPakFile: OnPakFileMounted2Time == 0.000033
[2025.04.03-20.06.14:564][  0]LogPakFile: PakFile PrimaryIndexSize=188
[2025.04.03-20.06.14:564][  0]LogPakFile: PakFile PathHashIndexSize=101
[2025.04.03-20.06.14:564][  0]LogPakFile: PakFile FullDirectoryIndexSize=150
[2025.04.03-20.06.14:564][  0]LogShaderLibrary: Display: ShaderCodeLibraryPakFileMountedCallback: PakFile 'C:/Program Files/Epic Games/UE_4.27/FeaturePacks/TP_SideScroller.upack' (chunk index -1, root 'root:/') mounted
[2025.04.03-20.06.14:564][  0]LogShaderLibrary: Display: ShaderCodeLibraryPakFileMountedCallback: pending pak file info (ChunkID:-1 Root:root:/ File:C:/Program Files/Epic Games/UE_4.27/FeaturePacks/TP_SideScroller.upack)
[2025.04.03-20.06.14:564][  0]LogPakFile: OnPakFileMounted2Time == 0.000032
[2025.04.03-20.06.14:565][  0]LogPakFile: PakFile PrimaryIndexSize=190
[2025.04.03-20.06.14:565][  0]LogPakFile: PakFile PathHashIndexSize=101
[2025.04.03-20.06.14:565][  0]LogPakFile: PakFile FullDirectoryIndexSize=154
[2025.04.03-20.06.14:565][  0]LogShaderLibrary: Display: ShaderCodeLibraryPakFileMountedCallback: PakFile 'C:/Program Files/Epic Games/UE_4.27/FeaturePacks/TP_SideScrollerBP.upack' (chunk index -1, root 'root:/') mounted
[2025.04.03-20.06.14:565][  0]LogShaderLibrary: Display: ShaderCodeLibraryPakFileMountedCallback: pending pak file info (ChunkID:-1 Root:root:/ File:C:/Program Files/Epic Games/UE_4.27/FeaturePacks/TP_SideScrollerBP.upack)
[2025.04.03-20.06.14:565][  0]LogPakFile: OnPakFileMounted2Time == 0.000036
[2025.04.03-20.06.14:567][  0]LogPakFile: PakFile PrimaryIndexSize=187
[2025.04.03-20.06.14:567][  0]LogPakFile: PakFile PathHashIndexSize=101
[2025.04.03-20.06.14:567][  0]LogPakFile: PakFile FullDirectoryIndexSize=148
[2025.04.03-20.06.14:567][  0]LogShaderLibrary: Display: ShaderCodeLibraryPakFileMountedCallback: PakFile 'C:/Program Files/Epic Games/UE_4.27/FeaturePacks/TP_ThirdPerson.upack' (chunk index -1, root 'root:/') mounted
[2025.04.03-20.06.14:567][  0]LogShaderLibrary: Display: ShaderCodeLibraryPakFileMountedCallback: pending pak file info (ChunkID:-1 Root:root:/ File:C:/Program Files/Epic Games/UE_4.27/FeaturePacks/TP_ThirdPerson.upack)
[2025.04.03-20.06.14:567][  0]LogPakFile: OnPakFileMounted2Time == 0.000030
[2025.04.03-20.06.14:568][  0]LogPakFile: PakFile PrimaryIndexSize=189
[2025.04.03-20.06.14:568][  0]LogPakFile: PakFile PathHashIndexSize=101
[2025.04.03-20.06.14:568][  0]LogPakFile: PakFile FullDirectoryIndexSize=152
[2025.04.03-20.06.14:568][  0]LogShaderLibrary: Display: ShaderCodeLibraryPakFileMountedCallback: PakFile 'C:/Program Files/Epic Games/UE_4.27/FeaturePacks/TP_ThirdPersonBP.upack' (chunk index -1, root 'root:/') mounted
[2025.04.03-20.06.14:568][  0]LogShaderLibrary: Display: ShaderCodeLibraryPakFileMountedCallback: pending pak file info (ChunkID:-1 Root:root:/ File:C:/Program Files/Epic Games/UE_4.27/FeaturePacks/TP_ThirdPersonBP.upack)
[2025.04.03-20.06.14:568][  0]LogPakFile: OnPakFileMounted2Time == 0.000039
[2025.04.03-20.06.14:570][  0]LogPakFile: PakFile PrimaryIndexSize=183
[2025.04.03-20.06.14:570][  0]LogPakFile: PakFile PathHashIndexSize=101
[2025.04.03-20.06.14:570][  0]LogPakFile: PakFile FullDirectoryIndexSize=140
[2025.04.03-20.06.14:570][  0]LogShaderLibrary: Display: ShaderCodeLibraryPakFileMountedCallback: PakFile 'C:/Program Files/Epic Games/UE_4.27/FeaturePacks/TP_TopDown.upack' (chunk index -1, root 'root:/') mounted
[2025.04.03-20.06.14:570][  0]LogShaderLibrary: Display: ShaderCodeLibraryPakFileMountedCallback: pending pak file info (ChunkID:-1 Root:root:/ File:C:/Program Files/Epic Games/UE_4.27/FeaturePacks/TP_TopDown.upack)
[2025.04.03-20.06.14:570][  0]LogPakFile: OnPakFileMounted2Time == 0.000057
[2025.04.03-20.06.14:572][  0]LogPakFile: PakFile PrimaryIndexSize=185
[2025.04.03-20.06.14:572][  0]LogPakFile: PakFile PathHashIndexSize=101
[2025.04.03-20.06.14:572][  0]LogPakFile: PakFile FullDirectoryIndexSize=144
[2025.04.03-20.06.14:572][  0]LogShaderLibrary: Display: ShaderCodeLibraryPakFileMountedCallback: PakFile 'C:/Program Files/Epic Games/UE_4.27/FeaturePacks/TP_TopDownBP.upack' (chunk index -1, root 'root:/') mounted
[2025.04.03-20.06.14:572][  0]LogShaderLibrary: Display: ShaderCodeLibraryPakFileMountedCallback: pending pak file info (ChunkID:-1 Root:root:/ File:C:/Program Files/Epic Games/UE_4.27/FeaturePacks/TP_TopDownBP.upack)
[2025.04.03-20.06.14:572][  0]LogPakFile: OnPakFileMounted2Time == 0.000034
[2025.04.03-20.06.14:573][  0]LogPakFile: PakFile PrimaryIndexSize=185
[2025.04.03-20.06.14:573][  0]LogPakFile: PakFile PathHashIndexSize=101
[2025.04.03-20.06.14:573][  0]LogPakFile: PakFile FullDirectoryIndexSize=144
[2025.04.03-20.06.14:573][  0]LogShaderLibrary: Display: ShaderCodeLibraryPakFileMountedCallback: PakFile 'C:/Program Files/Epic Games/UE_4.27/FeaturePacks/TP_TwinStick.upack' (chunk index -1, root 'root:/') mounted
[2025.04.03-20.06.14:573][  0]LogShaderLibrary: Display: ShaderCodeLibraryPakFileMountedCallback: pending pak file info (ChunkID:-1 Root:root:/ File:C:/Program Files/Epic Games/UE_4.27/FeaturePacks/TP_TwinStick.upack)
[2025.04.03-20.06.14:574][  0]LogPakFile: OnPakFileMounted2Time == 0.000029
[2025.04.03-20.06.14:575][  0]LogPakFile: PakFile PrimaryIndexSize=187
[2025.04.03-20.06.14:575][  0]LogPakFile: PakFile PathHashIndexSize=101
[2025.04.03-20.06.14:575][  0]LogPakFile: PakFile FullDirectoryIndexSize=148
[2025.04.03-20.06.14:575][  0]LogShaderLibrary: Display: ShaderCodeLibraryPakFileMountedCallback: PakFile 'C:/Program Files/Epic Games/UE_4.27/FeaturePacks/TP_TwinStickBP.upack' (chunk index -1, root 'root:/') mounted
[2025.04.03-20.06.14:575][  0]LogShaderLibrary: Display: ShaderCodeLibraryPakFileMountedCallback: pending pak file info (ChunkID:-1 Root:root:/ File:C:/Program Files/Epic Games/UE_4.27/FeaturePacks/TP_TwinStickBP.upack)
[2025.04.03-20.06.14:575][  0]LogPakFile: OnPakFileMounted2Time == 0.000034
[2025.04.03-20.06.14:577][  0]LogPakFile: PakFile PrimaryIndexSize=183
[2025.04.03-20.06.14:577][  0]LogPakFile: PakFile PathHashIndexSize=101
[2025.04.03-20.06.14:577][  0]LogPakFile: PakFile FullDirectoryIndexSize=140
[2025.04.03-20.06.14:577][  0]LogShaderLibrary: Display: ShaderCodeLibraryPakFileMountedCallback: PakFile 'C:/Program Files/Epic Games/UE_4.27/FeaturePacks/TP_Vehicle.upack' (chunk index -1, root 'root:/') mounted
[2025.04.03-20.06.14:577][  0]LogShaderLibrary: Display: ShaderCodeLibraryPakFileMountedCallback: pending pak file info (ChunkID:-1 Root:root:/ File:C:/Program Files/Epic Games/UE_4.27/FeaturePacks/TP_Vehicle.upack)
[2025.04.03-20.06.14:577][  0]LogPakFile: OnPakFileMounted2Time == 0.000033
[2025.04.03-20.06.14:578][  0]LogPakFile: PakFile PrimaryIndexSize=186
[2025.04.03-20.06.14:578][  0]LogPakFile: PakFile PathHashIndexSize=101
[2025.04.03-20.06.14:578][  0]LogPakFile: PakFile FullDirectoryIndexSize=146
[2025.04.03-20.06.14:578][  0]LogShaderLibrary: Display: ShaderCodeLibraryPakFileMountedCallback: PakFile 'C:/Program Files/Epic Games/UE_4.27/FeaturePacks/TP_VehicleAdv.upack' (chunk index -1, root 'root:/') mounted
[2025.04.03-20.06.14:579][  0]LogShaderLibrary: Display: ShaderCodeLibraryPakFileMountedCallback: pending pak file info (ChunkID:-1 Root:root:/ File:C:/Program Files/Epic Games/UE_4.27/FeaturePacks/TP_VehicleAdv.upack)
[2025.04.03-20.06.14:579][  0]LogPakFile: OnPakFileMounted2Time == 0.000038
[2025.04.03-20.06.14:580][  0]LogPakFile: PakFile PrimaryIndexSize=188
[2025.04.03-20.06.14:581][  0]LogPakFile: PakFile PathHashIndexSize=101
[2025.04.03-20.06.14:581][  0]LogPakFile: PakFile FullDirectoryIndexSize=150
[2025.04.03-20.06.14:581][  0]LogShaderLibrary: Display: ShaderCodeLibraryPakFileMountedCallback: PakFile 'C:/Program Files/Epic Games/UE_4.27/FeaturePacks/TP_VehicleAdvBP.upack' (chunk index -1, root 'root:/') mounted
[2025.04.03-20.06.14:581][  0]LogShaderLibrary: Display: ShaderCodeLibraryPakFileMountedCallback: pending pak file info (ChunkID:-1 Root:root:/ File:C:/Program Files/Epic Games/UE_4.27/FeaturePacks/TP_VehicleAdvBP.upack)
[2025.04.03-20.06.14:581][  0]LogPakFile: OnPakFileMounted2Time == 0.000044
[2025.04.03-20.06.14:582][  0]LogPakFile: PakFile PrimaryIndexSize=185
[2025.04.03-20.06.14:582][  0]LogPakFile: PakFile PathHashIndexSize=101
[2025.04.03-20.06.14:582][  0]LogPakFile: PakFile FullDirectoryIndexSize=144
[2025.04.03-20.06.14:582][  0]LogShaderLibrary: Display: ShaderCodeLibraryPakFileMountedCallback: PakFile 'C:/Program Files/Epic Games/UE_4.27/FeaturePacks/TP_VehicleBP.upack' (chunk index -1, root 'root:/') mounted
[2025.04.03-20.06.14:582][  0]LogShaderLibrary: Display: ShaderCodeLibraryPakFileMountedCallback: pending pak file info (ChunkID:-1 Root:root:/ File:C:/Program Files/Epic Games/UE_4.27/FeaturePacks/TP_VehicleBP.upack)
[2025.04.03-20.06.14:582][  0]LogPakFile: OnPakFileMounted2Time == 0.000034
[2025.04.03-20.06.14:584][  0]LogPakFile: PakFile PrimaryIndexSize=192
[2025.04.03-20.06.14:584][  0]LogPakFile: PakFile PathHashIndexSize=101
[2025.04.03-20.06.14:584][  0]LogPakFile: PakFile FullDirectoryIndexSize=158
[2025.04.03-20.06.14:584][  0]LogShaderLibrary: Display: ShaderCodeLibraryPakFileMountedCallback: PakFile 'C:/Program Files/Epic Games/UE_4.27/FeaturePacks/TP_VirtualRealityBP.upack' (chunk index -1, root 'root:/') mounted
[2025.04.03-20.06.14:584][  0]LogShaderLibrary: Display: ShaderCodeLibraryPakFileMountedCallback: pending pak file info (ChunkID:-1 Root:root:/ File:C:/Program Files/Epic Games/UE_4.27/FeaturePacks/TP_VirtualRealityBP.upack)
[2025.04.03-20.06.14:584][  0]LogPakFile: OnPakFileMounted2Time == 0.000033
[2025.04.03-20.06.14:751][  0]LogNativeClassHierarchy: Verbose: Native class hierarchy updated for 'AddContentDialog' in 0.0005 seconds. Added 0 classes and 0 folders.
[2025.04.03-20.06.14:798][  0]LogSlate: Took 0.000839 seconds to synchronously load lazily loaded font '../../../Engine/Content/Slate/Fonts/Roboto-Regular.ttf' (155K)
[2025.04.03-20.06.14:801][  0]LogSlate: Took 0.000845 seconds to synchronously load lazily loaded font '../../../Engine/Content/Editor/Slate/Fonts/FontAwesome.ttf' (139K)
[2025.04.03-20.06.14:805][  0]LogSlate: Took 0.001120 seconds to synchronously load lazily loaded font '../../../Engine/Content/Slate/Fonts/Roboto-Bold.ttf' (160K)
[2025.04.03-20.06.14:940][  0]LogRenderer: Reallocating scene render targets to support 2236x600 Format 9 NumSamples 1 (Frame:1).
[2025.04.03-20.06.15:101][  0]LogNativeClassHierarchy: Verbose: Native class hierarchy updated for 'HierarchicalLODOutliner' in 0.0004 seconds. Added 0 classes and 0 folders.
[2025.04.03-20.06.15:101][  0]LogLoad: (Engine Initialization) Total time: 12.69 seconds
[2025.04.03-20.06.15:101][  0]LogLoad: (Engine Initialization) Total Blueprint compile time: 0.00 seconds
[2025.04.03-20.06.15:151][  0]LogAssetRegistry: Asset discovery search completed in 7.0924 seconds
[2025.04.03-20.06.15:160][  0]LogCollectionManager: Fixed up redirectors for 0 collections in 0.000004 seconds (updated 0 objects)
[2025.04.03-20.06.15:161][  0]LogContentStreaming: Texture pool size now 400 MB
[2025.04.03-20.06.15:301][  2]LogSlate: Took 0.000797 seconds to synchronously load lazily loaded font '../../../Engine/Content/Slate/Fonts/Roboto-Light.ttf' (167K)
